11:52:02.812 [main                     ] DEBUG Logger               - Configured Logger
11:52:02.815 [main                     ] DEBUG GameApplication      - Logging settings
Title: Pong
Version: 1.0
Width: 800
Height: 600
Fullscreen: false
Intro: false
Profiling: false
Single step:false
App Mode: DEBUG
Menu Key: ESCAPE
Stage Style: DECORATED
Scene Factory: class com.almasb.fxgl.app.scene.SceneFactory

11:52:03.068 [JavaFX Application Thread] DEBUG FXGLApplication      - Initializing FXGL
11:52:03.071 [JavaFX Application Thread] INFO  Engine               - FXGL-11.11 (08.09.2020 18.00) on WINDOWS (J:23 FX:14)
11:52:03.072 [JavaFX Application Thread] DEBUG Engine               - JRE Vendor Name: Oracle Corporation
11:52:03.072 [JavaFX Application Thread] DEBUG Engine               - Running on OS: Windows 11 version 10.0
11:52:03.072 [JavaFX Application Thread] DEBUG Engine               - Architecture: amd64
11:52:03.072 [JavaFX Application Thread] INFO  Engine               - Source code and latest versions at: https://github.com/AlmasB/FXGL
11:52:03.072 [JavaFX Application Thread] INFO  Engine               -              Join the FXGL chat at: https://gitter.im/AlmasB/FXGL
11:52:03.129 [JavaFX Application Thread] DEBUG MainWindow           - Creating a JavaFX scene
11:52:03.156 [JavaFX Application Thread] DEBUG MainWindow           - Target settings size: 800.0 x 600.0
11:52:03.156 [JavaFX Application Thread] DEBUG MainWindow           - Scaled scene size:    800.0 x 600.0
11:52:03.157 [JavaFX Application Thread] DEBUG MainWindow           - Scaled ratio: (1.0, 1.0)
11:52:03.157 [JavaFX Application Thread] DEBUG MainWindow           - Set initial scene to StartupScene
11:52:03.161 [JavaFX Application Thread] DEBUG MainWindow           - Opening main window
11:52:03.214 [JavaFX Application Thread] DEBUG MainWindow           - Window border size: (16.0, 39.0)
11:52:03.214 [JavaFX Application Thread] DEBUG MainWindow           - Scaled size: 800.0 x 600.0
11:52:03.214 [JavaFX Application Thread] DEBUG MainWindow           - Scaled ratio: (1.0, 1.0)
11:52:03.214 [JavaFX Application Thread] DEBUG MainWindow           - Scene size: 800.0 x 600.0
11:52:03.214 [JavaFX Application Thread] DEBUG MainWindow           - Stage size: 816.0 x 639.0
11:52:03.219 [FXGL Background Thread 1 ] DEBUG Engine               - Initializing environment variables
11:52:03.265 [FXGL Background Thread 1 ] DEBUG GameApplicationServi - Applying CSS: fxgl_dark.css
11:52:03.265 [FXGL Background Thread 1 ] DEBUG FXGLAssetLoaderServi - Loading from file system: /assets/ui/css/fxgl_dark.css
11:52:03.294 [FXGL Background Thread 1 ] DEBUG GameApplicationServi - Initializing application scenes
11:52:03.326 [FXGL Background Thread 1 ] DEBUG GameWorld            - Game world initialized
11:52:03.366 [FXGL Background Thread 1 ] DEBUG PhysicsWorld         - Physics world initialized: appHeight=600, physics.ppm=50.0
11:52:03.367 [FXGL Background Thread 1 ] DEBUG GameScene            - Game scene initialized: 800x600
11:52:03.382 [FXGL Background Thread 1 ] DEBUG FXGLAssetLoaderServi - Loading from file system: /assets/textures/particles/trace_horizontal.png
11:52:03.404 [FXGL Background Thread 1 ] DEBUG FXGL.DefaultMenu     - createMenuBodyGameMenu()
11:52:03.409 [FXGL Background Thread 1 ] DEBUG FXGL.DefaultMenu     - createOptionsMenu()
11:52:03.412 [FXGL Background Thread 1 ] DEBUG FXGLAssetLoaderServi - Loading from file system: /assets/textures/particles/smoke.png
11:52:03.443 [FXGL Background Thread 1 ] DEBUG GameApplicationServi - Application scenes initialized
11:52:03.458 [FXGL Background Thread 1 ] DEBUG SystemBundleService  - Loading FXGL system data
11:52:03.464 [FXGL Background Thread 1 ] DEBUG FileSystemAccess     - Reading from: C:\Users\danie\Downloads\SDLMultiplayerProject-main\CI628-PongServer-master\system\fxgl.bundle
11:52:03.471 [FXGL Background Thread 1 ] DEBUG SystemBundleService  - Bundle FXGL: {}
11:52:03.471 [FXGL Background Thread 1 ] DEBUG UpdaterService       - Checking for updates
11:52:03.475 [FXGL Background Thread 4 ] DEBUG FXGLApplication      - Loading fonts
11:52:03.475 [FXGL Background Thread 4 ] DEBUG FXGLAssetLoaderServi - Loading from file system: /assets/ui/fonts/pong.ttf
11:52:03.475 [FXGL Background Thread 1 ] DEBUG FXGLApplication      - Loading default localization
11:52:03.475 [FXGL Background Thread 1 ] DEBUG FXGLAssetLoaderServi - Loading from file system: /assets/languages/english.lang
11:52:03.500 [FXGL Background Thread 1 ] INFO  FXGLApplication      - FXGL initialization took: 0.281 sec
11:52:03.501 [FXGL Background Thread 4 ] DEBUG FXGLAssetLoaderServi - Loading from file system: /assets/ui/fonts/Abel-Regular.ttf
11:52:03.507 [JavaFX Application Thread] DEBUG Input                - Registered new binding: Up1 - W
11:52:03.507 [JavaFX Application Thread] DEBUG Input                - Registered new binding: Down1 - S
11:52:03.507 [JavaFX Application Thread] DEBUG Input                - Registered new binding: Up2 - I
11:52:03.507 [JavaFX Application Thread] DEBUG Input                - Registered new binding: Down2 - K
11:52:03.507 [JavaFX Application Thread] DEBUG FXGLAssetLoaderServi - Loading from file system: /assets/textures/fxgl_icon.png
11:52:03.508 [FXGL Background Thread 4 ] DEBUG FXGLAssetLoaderServi - Loading from file system: /assets/ui/fonts/lucida_console.ttf
11:52:03.517 [FXGL Background Thread 4 ] DEBUG FXGLAssetLoaderServi - Loading from file system: /assets/ui/fonts/Courier-Prime.ttf
11:52:03.519 [JavaFX Application Thread] DEBUG FXGLAssetLoaderServi - Loading from file system: /assets/ui/cursors/fxgl_default.png
11:52:03.520 [JavaFX Application Thread] DEBUG Input                - Registered new binding: Screenshot - P
11:52:03.521 [JavaFX Application Thread] DEBUG Input                - Registered new binding: System info dump - CTRL+9
11:52:03.521 [JavaFX Application Thread] DEBUG Input                - Registered new binding: Restart - CTRL+R
11:52:03.522 [JavaFX Application Thread] DEBUG Input                - Registered new binding: Toggle Debug Camera - CTRL+C
11:52:03.524 [JavaFX Application Thread] DEBUG LoopRunner           - Starting loop
11:52:03.526 [JavaFX Application Thread] DEBUG GameApplicationServi - Starting new game
11:52:03.527 [JavaFX Application Thread] DEBUG Input                - Clearing active input actions
11:52:03.536 [JavaFX Application Thread] DEBUG GameApplicationServi - Removing overlay from StartupScene and adding to FXGLLoadingScene
11:52:03.537 [JavaFX Application Thread] DEBUG MainWindow           - StartupScene -> FXGLLoadingScene
11:52:03.537 [JavaFX Application Thread] DEBUG GameApplicationServi - Clearing previous game
11:52:03.537 [JavaFX Application Thread] DEBUG GameScene            - Clearing game scene
11:52:03.537 [JavaFX Application Thread] DEBUG GameWorld            - Clearing game world
11:52:03.537 [JavaFX Application Thread] DEBUG PhysicsWorld         - Clearing physics world
11:52:03.539 [FXGL Background Thread 4 ] DEBUG FXGLApplication      - Initializing game
11:52:03.582 [JavaFX Application Thread] DEBUG FXGLApplication      - Registering font factories with UI factory
11:52:03.597 [FXGL Background Thread 4 ] DEBUG FXGLAssetLoaderServi - Loading from file system: /assets/ui/main.fxml
11:52:03.598 [Thread-4                 ] DEBUG TCPServer            - Starting to listen at: 55555 type: class java.lang.String
11:52:03.646 [FXGL Background Thread 4 ] INFO  FXGLApplication      - Game initialization took: 0.106 sec
11:52:03.646 [JavaFX Application Thread] DEBUG Input                - Clearing active input actions
11:52:03.655 [JavaFX Application Thread] DEBUG GameApplicationServi - Removing overlay from FXGLLoadingScene and adding to GameScene
11:52:03.655 [JavaFX Application Thread] DEBUG MainWindow           - FXGLLoadingScene -> GameScene
11:52:03.942 [FXGL Background Thread 2 ] INFO  UpdaterService       - Your current version:  11.11
11:52:03.944 [FXGL Background Thread 2 ] INFO  UpdaterService       - Latest stable version: 21+dev-SNAPSHOT
11:52:06.475 [FXGL Background Thread 3 ] DEBUG Engine               - Logging environment variables
11:52:06.475 [FXGL Background Thread 3 ] DEBUG Engine               - achievements: []
11:52:06.475 [FXGL Background Thread 3 ] DEBUG Engine               - appIcon: fxgl_icon.png
11:52:06.475 [FXGL Background Thread 3 ] DEBUG Engine               - applicationMode: DEBUG
11:52:06.475 [FXGL Background Thread 3 ] DEBUG Engine               - cSSList: [fxgl_dark.css]
11:52:06.475 [FXGL Background Thread 3 ] DEBUG Engine               - configClass: Optional.empty
11:52:06.475 [FXGL Background Thread 3 ] DEBUG Engine               - credits: []
11:52:06.475 [FXGL Background Thread 3 ] DEBUG Engine               - devBBoxColorProperty: ObjectProperty [value: 0xff0000ff]
11:52:06.475 [FXGL Background Thread 3 ] DEBUG Engine               - devEnableDebugCameraProperty: BooleanProperty [value: false]
11:52:06.475 [FXGL Background Thread 3 ] DEBUG Engine               - devSensorColorProperty: ObjectProperty [value: 0xffff00ff]
11:52:06.475 [FXGL Background Thread 3 ] DEBUG Engine               - devShowBBoxProperty: BooleanProperty [value: false]
11:52:06.476 [FXGL Background Thread 3 ] DEBUG Engine               - devShowPositionProperty: BooleanProperty [value: false]
11:52:06.476 [FXGL Background Thread 3 ] DEBUG Engine               - enabledMenuItems: []
11:52:06.476 [FXGL Background Thread 3 ] DEBUG Engine               - engineServices: [class com.almasb.fxgl.app.FXGLApplication$GameApplicationService, class com.almasb.fxgl.app.services.FXGLDialogService, class com.almasb.fxgl.app.services.IOTaskExecutorService, class com.almasb.fxgl.event.EventBusService, class com.almasb.fxgl.io.FileSystemService, class com.almasb.fxgl.localization.LocalizationService, class com.almasb.fxgl.app.services.FXGLAssetLoaderService, class com.almasb.fxgl.app.services.SystemBundleService, class com.almasb.fxgl.profile.SaveLoadService, class com.almasb.fxgl.ui.FXGLUIFactoryServiceProvider, class com.almasb.fxgl.ui.FXGLDialogFactoryServiceProvider, class com.almasb.fxgl.audio.AudioPlayer, class com.almasb.fxgl.notification.impl.NotificationServiceProvider, class com.almasb.fxgl.achievement.AchievementService, class com.almasb.fxgl.cutscene.CutsceneService, class com.almasb.fxgl.minigames.MiniGameService, class com.almasb.fxgl.net.NetService, class com.almasb.fxgl.app.services.UpdaterService, class com.almasb.fxgl.dev.DevService]
11:52:06.476 [FXGL Background Thread 3 ] DEBUG Engine               - fontGame: Abel-Regular.ttf
11:52:06.476 [FXGL Background Thread 3 ] DEBUG Engine               - fontMono: lucida_console.ttf
11:52:06.476 [FXGL Background Thread 3 ] DEBUG Engine               - fontText: Courier-Prime.ttf
11:52:06.476 [FXGL Background Thread 3 ] DEBUG Engine               - fontUI: pong.ttf
11:52:06.476 [FXGL Background Thread 3 ] DEBUG Engine               - fullScreen: BooleanProperty [value: false]
11:52:06.476 [FXGL Background Thread 3 ] DEBUG Engine               - gameDifficulty: MEDIUM
11:52:06.476 [FXGL Background Thread 3 ] DEBUG Engine               - gameDifficultyProperty: ObjectProperty [value: MEDIUM]
11:52:06.476 [FXGL Background Thread 3 ] DEBUG Engine               - globalMusicVolume: 0.5
11:52:06.476 [FXGL Background Thread 3 ] DEBUG Engine               - globalMusicVolumeProperty: DoubleProperty [value: 0.5]
11:52:06.476 [FXGL Background Thread 3 ] DEBUG Engine               - globalSoundVolume: 0.5
11:52:06.476 [FXGL Background Thread 3 ] DEBUG Engine               - globalSoundVolumeProperty: DoubleProperty [value: 0.5]
11:52:06.476 [FXGL Background Thread 3 ] DEBUG Engine               - height: 600
11:52:06.476 [FXGL Background Thread 3 ] DEBUG Engine               - isAndroid: false
11:52:06.476 [FXGL Background Thread 3 ] DEBUG Engine               - isBrowser: false
11:52:06.476 [FXGL Background Thread 3 ] DEBUG Engine               - isClickFeedbackEnabled: false
11:52:06.476 [FXGL Background Thread 3 ] DEBUG Engine               - isCloseConfirmation: false
11:52:06.477 [FXGL Background Thread 3 ] DEBUG Engine               - isDesktop: true
11:52:06.477 [FXGL Background Thread 3 ] DEBUG Engine               - isDeveloperMenuEnabled: false
11:52:06.477 [FXGL Background Thread 3 ] DEBUG Engine               - isEntityPreloadEnabled: true
11:52:06.477 [FXGL Background Thread 3 ] DEBUG Engine               - isExperimentalNative: false
11:52:06.477 [FXGL Background Thread 3 ] DEBUG Engine               - isExperimentalTiledLargeMap: false
11:52:06.477 [FXGL Background Thread 3 ] DEBUG Engine               - isFileSystemWriteAllowed: true
11:52:06.477 [FXGL Background Thread 3 ] DEBUG Engine               - isFullScreenAllowed: false
11:52:06.477 [FXGL Background Thread 3 ] DEBUG Engine               - isFullScreenFromStart: false
11:52:06.477 [FXGL Background Thread 3 ] DEBUG Engine               - isGameMenuEnabled: true
11:52:06.477 [FXGL Background Thread 3 ] DEBUG Engine               - isIOS: false
11:52:06.477 [FXGL Background Thread 3 ] DEBUG Engine               - isIntroEnabled: false
11:52:06.477 [FXGL Background Thread 3 ] DEBUG Engine               - isLinux: false
11:52:06.477 [FXGL Background Thread 3 ] DEBUG Engine               - isMac: false
11:52:06.477 [FXGL Background Thread 3 ] DEBUG Engine               - isMainMenuEnabled: false
11:52:06.477 [FXGL Background Thread 3 ] DEBUG Engine               - isManualResizeEnabled: false
11:52:06.477 [FXGL Background Thread 3 ] DEBUG Engine               - isMobile: false
11:52:06.477 [FXGL Background Thread 3 ] DEBUG Engine               - isPreserveResizeRatio: false
11:52:06.477 [FXGL Background Thread 3 ] DEBUG Engine               - isProfilingEnabled: false
11:52:06.477 [FXGL Background Thread 3 ] DEBUG Engine               - isSingleStep: false
11:52:06.477 [FXGL Background Thread 3 ] DEBUG Engine               - isUserProfileEnabled: false
11:52:06.477 [FXGL Background Thread 3 ] DEBUG Engine               - isWindows: true
11:52:06.477 [FXGL Background Thread 3 ] DEBUG Engine               - language: ObjectProperty [value: ENGLISH]
11:52:06.477 [FXGL Background Thread 3 ] DEBUG Engine               - menuKey: ESCAPE
11:52:06.477 [FXGL Background Thread 3 ] DEBUG Engine               - notificationViewClass: class com.almasb.fxgl.notification.view.XboxNotificationView
11:52:06.477 [FXGL Background Thread 3 ] DEBUG Engine               - pixelsPerMeter: 50.0
11:52:06.478 [FXGL Background Thread 3 ] DEBUG Engine               - platform: WINDOWS
11:52:06.478 [FXGL Background Thread 3 ] DEBUG Engine               - profileDir: profiles/
11:52:06.478 [FXGL Background Thread 3 ] DEBUG Engine               - profileName: StringProperty [value: DEFAULT]
11:52:06.478 [FXGL Background Thread 3 ] DEBUG Engine               - randomSeed: -1
11:52:06.478 [FXGL Background Thread 3 ] DEBUG Engine               - runtimeInfo: RuntimeInfo(platform=WINDOWS, version=11.11, build=08.09.2020 18.00)
11:52:06.478 [FXGL Background Thread 3 ] DEBUG Engine               - saveFileExt: sav
11:52:06.478 [FXGL Background Thread 3 ] DEBUG Engine               - sceneFactory: com.almasb.fxgl.app.scene.SceneFactory@dbfd597
11:52:06.478 [FXGL Background Thread 3 ] DEBUG Engine               - secondsIn24h: 60
11:52:06.478 [FXGL Background Thread 3 ] DEBUG Engine               - soundMenuBack: menu/back.wav
11:52:06.478 [FXGL Background Thread 3 ] DEBUG Engine               - soundMenuPress: menu/press.wav
11:52:06.478 [FXGL Background Thread 3 ] DEBUG Engine               - soundMenuSelect: menu/select.wav
11:52:06.478 [FXGL Background Thread 3 ] DEBUG Engine               - soundNotification: core/notification.wav
11:52:06.478 [FXGL Background Thread 3 ] DEBUG Engine               - stageStyle: DECORATED
11:52:06.478 [FXGL Background Thread 3 ] DEBUG Engine               - supportedLanguages: [ENGLISH, FRENCH, GERMAN, HUNGARIAN, RUSSIAN]
11:52:06.478 [FXGL Background Thread 3 ] DEBUG Engine               - title: Pong
11:52:06.478 [FXGL Background Thread 3 ] DEBUG Engine               - urlGithub: https://github.com/AlmasB/FXGL
11:52:06.478 [FXGL Background Thread 3 ] DEBUG Engine               - urlLeaderboard: http://fxgl-top.herokuapp.com/
11:52:06.478 [FXGL Background Thread 3 ] DEBUG Engine               - urlPOM: https://raw.githubusercontent.com/AlmasB/FXGL/master/pom.xml
11:52:06.478 [FXGL Background Thread 3 ] DEBUG Engine               - version: 1.0
11:52:06.478 [FXGL Background Thread 3 ] DEBUG Engine               - versionCheckDays: 7
11:52:06.478 [FXGL Background Thread 3 ] DEBUG Engine               - width: 800
11:52:06.478 [FXGL Background Thread 3 ] DEBUG Engine               - Logging services
11:52:06.478 [FXGL Background Thread 3 ] DEBUG Engine               - class com.almasb.fxgl.app.FXGLApplication$GameApplicationService
11:52:06.478 [FXGL Background Thread 3 ] DEBUG Engine               - class com.almasb.fxgl.app.services.FXGLDialogService
11:52:06.479 [FXGL Background Thread 3 ] DEBUG Engine               - class com.almasb.fxgl.app.services.IOTaskExecutorService
11:52:06.479 [FXGL Background Thread 3 ] DEBUG Engine               - class com.almasb.fxgl.event.EventBusService
11:52:06.479 [FXGL Background Thread 3 ] DEBUG Engine               - class com.almasb.fxgl.io.FileSystemService
11:52:06.479 [FXGL Background Thread 3 ] DEBUG Engine               - class com.almasb.fxgl.localization.LocalizationService
11:52:06.479 [FXGL Background Thread 3 ] DEBUG Engine               - class com.almasb.fxgl.app.services.FXGLAssetLoaderService
11:52:06.479 [FXGL Background Thread 3 ] DEBUG Engine               - class com.almasb.fxgl.app.services.SystemBundleService
11:52:06.479 [FXGL Background Thread 3 ] DEBUG Engine               - class com.almasb.fxgl.profile.SaveLoadService
11:52:06.479 [FXGL Background Thread 3 ] DEBUG Engine               - class com.almasb.fxgl.ui.FXGLUIFactoryServiceProvider
11:52:06.479 [FXGL Background Thread 3 ] DEBUG Engine               - class com.almasb.fxgl.ui.FXGLDialogFactoryServiceProvider
11:52:06.479 [FXGL Background Thread 3 ] DEBUG Engine               - class com.almasb.fxgl.audio.AudioPlayer
11:52:06.479 [FXGL Background Thread 3 ] DEBUG Engine               - class com.almasb.fxgl.notification.impl.NotificationServiceProvider
11:52:06.479 [FXGL Background Thread 3 ] DEBUG Engine               - class com.almasb.fxgl.achievement.AchievementService
11:52:06.479 [FXGL Background Thread 3 ] DEBUG Engine               - class com.almasb.fxgl.cutscene.CutsceneService
11:52:06.479 [FXGL Background Thread 3 ] DEBUG Engine               - class com.almasb.fxgl.minigames.MiniGameService
11:52:06.479 [FXGL Background Thread 3 ] DEBUG Engine               - class com.almasb.fxgl.net.NetService
11:52:06.479 [FXGL Background Thread 3 ] DEBUG Engine               - class com.almasb.fxgl.app.services.UpdaterService
11:52:06.479 [FXGL Background Thread 3 ] DEBUG Engine               - class com.almasb.fxgl.dev.DevService
11:52:13.975 [Thread-4                 ] DEBUG Endpoint             - TCPServer opening new connection (1) from /127.0.0.1:55831 type: class java.lang.String
11:52:13.975 [Thread-4                 ] DEBUG Endpoint             - TCPServer successfully opened connection (1)
11:52:13.976 [TCPServer_SendThread-1   ] DEBUG Writers              - Getting TCPMessageWriter for class java.lang.String
11:52:13.977 [TCPServer_SendThread-1   ] DEBUG Writers              - Constructed TCPMessageWriter for class java.lang.String: MessageWriterS
11:52:13.977 [TCPServer_RecvThread-1   ] DEBUG Readers              - Getting TCPMessageReader for class java.lang.String
11:52:13.977 [TCPServer_RecvThread-1   ] DEBUG Readers              - Constructed MessageReader for class java.lang.String: MessageReaderS
11:52:17.004 [Thread-4                 ] DEBUG Endpoint             - TCPServer opening new connection (2) from /127.0.0.1:55839 type: class java.lang.String
11:52:17.004 [Thread-4                 ] DEBUG Endpoint             - TCPServer successfully opened connection (2)
11:52:17.005 [TCPServer_SendThread-2   ] DEBUG Writers              - Getting TCPMessageWriter for class java.lang.String
11:52:17.005 [TCPServer_RecvThread-2   ] DEBUG Readers              - Getting TCPMessageReader for class java.lang.String
11:52:17.005 [TCPServer_SendThread-2   ] DEBUG Writers              - Constructed TCPMessageWriter for class java.lang.String: MessageWriterS
11:52:17.005 [TCPServer_RecvThread-2   ] DEBUG Readers              - Constructed MessageReader for class java.lang.String: MessageReaderS
11:52:24.779 [JavaFX Application Thread] DEBUG Input                - Mocking key press: K
11:52:24.831 [JavaFX Application Thread] DEBUG Input                - Mocking key release: K
11:52:25.046 [JavaFX Application Thread] DEBUG Input                - Mocking key press: K
11:52:25.083 [JavaFX Application Thread] DEBUG Input                - Mocking key release: K
11:52:25.710 [JavaFX Application Thread] DEBUG Input                - Mocking key press: K
11:52:25.728 [JavaFX Application Thread] DEBUG Input                - Mocking key release: K
11:52:25.961 [JavaFX Application Thread] DEBUG Input                - Mocking key press: I
11:52:26.032 [JavaFX Application Thread] DEBUG Input                - Mocking key release: I
11:52:26.443 [JavaFX Application Thread] DEBUG Input                - Mocking key press: I
11:52:26.495 [JavaFX Application Thread] DEBUG Input                - Mocking key release: I
11:52:26.761 [JavaFX Application Thread] DEBUG Input                - Mocking key press: K
11:52:26.815 [JavaFX Application Thread] DEBUG Input                - Mocking key release: K
11:52:27.247 [JavaFX Application Thread] DEBUG Input                - Mocking key press: K
11:52:27.300 [JavaFX Application Thread] DEBUG Input                - Mocking key release: K
11:52:27.679 [JavaFX Application Thread] DEBUG Input                - Mocking key press: K
11:52:27.733 [JavaFX Application Thread] DEBUG Input                - Mocking key release: K
11:52:28.036 [JavaFX Application Thread] DEBUG Input                - Mocking key press: I
11:52:28.109 [JavaFX Application Thread] DEBUG Input                - Mocking key release: I
11:52:28.343 [JavaFX Application Thread] DEBUG Input                - Mocking key press: I
11:52:28.397 [JavaFX Application Thread] DEBUG Input                - Mocking key release: I
11:52:28.686 [JavaFX Application Thread] DEBUG Input                - Mocking key press: K
11:52:28.756 [JavaFX Application Thread] DEBUG Input                - Mocking key release: K
11:52:29.360 [JavaFX Application Thread] DEBUG Input                - Mocking key press: K
11:52:29.360 [JavaFX Application Thread] DEBUG Input                - Mocking key release: K
11:52:29.470 [JavaFX Application Thread] DEBUG Input                - Mocking key press: K
11:52:29.523 [JavaFX Application Thread] DEBUG Input                - Mocking key release: K
11:52:29.921 [JavaFX Application Thread] DEBUG Input                - Mocking key press: K
11:52:29.993 [JavaFX Application Thread] DEBUG Input                - Mocking key release: K
11:52:30.226 [JavaFX Application Thread] DEBUG Input                - Mocking key press: I
11:52:30.297 [JavaFX Application Thread] DEBUG Input                - Mocking key release: I
11:52:30.422 [JavaFX Application Thread] DEBUG Input                - Mocking key press: I
11:52:30.458 [JavaFX Application Thread] DEBUG Input                - Mocking key release: I
11:52:30.602 [JavaFX Application Thread] DEBUG Input                - Mocking key press: I
11:52:30.637 [JavaFX Application Thread] DEBUG Input                - Mocking key release: I
11:52:30.780 [JavaFX Application Thread] DEBUG Input                - Mocking key press: I
11:52:30.817 [JavaFX Application Thread] DEBUG Input                - Mocking key release: I
11:52:31.121 [JavaFX Application Thread] DEBUG Input                - Mocking key press: K
11:52:31.193 [JavaFX Application Thread] DEBUG Input                - Mocking key release: K
11:52:31.514 [JavaFX Application Thread] DEBUG Input                - Mocking key press: I
11:52:31.604 [JavaFX Application Thread] DEBUG Input                - Mocking key release: I
11:52:31.694 [JavaFX Application Thread] DEBUG Input                - Mocking key press: I
11:52:31.835 [JavaFX Application Thread] DEBUG Input                - Mocking key release: I
11:52:31.961 [JavaFX Application Thread] DEBUG Input                - Mocking key press: K
11:52:32.050 [JavaFX Application Thread] DEBUG Input                - Mocking key release: K
11:52:32.394 [JavaFX Application Thread] DEBUG Input                - Mocking key press: K
11:52:32.430 [JavaFX Application Thread] DEBUG Input                - Mocking key release: K
11:52:32.591 [JavaFX Application Thread] DEBUG Input                - Mocking key press: K
11:52:32.698 [JavaFX Application Thread] DEBUG Input                - Mocking key release: K
11:52:32.843 [JavaFX Application Thread] DEBUG Input                - Mocking key press: K
11:52:32.913 [JavaFX Application Thread] DEBUG Input                - Mocking key release: K
11:52:33.113 [JavaFX Application Thread] DEBUG Input                - Mocking key press: I
11:52:33.307 [JavaFX Application Thread] DEBUG Input                - Mocking key release: I
11:52:33.504 [JavaFX Application Thread] DEBUG Input                - Mocking key press: I
11:52:33.630 [JavaFX Application Thread] DEBUG Input                - Mocking key release: I
11:52:33.774 [JavaFX Application Thread] DEBUG Input                - Mocking key press: K
11:52:33.916 [JavaFX Application Thread] DEBUG Input                - Mocking key release: K
11:52:34.006 [JavaFX Application Thread] DEBUG Input                - Mocking key press: K
11:52:34.076 [JavaFX Application Thread] DEBUG Input                - Mocking key release: K
11:52:34.272 [JavaFX Application Thread] DEBUG Input                - Mocking key press: K
11:52:34.523 [JavaFX Application Thread] DEBUG Input                - Mocking key release: K
11:52:34.614 [JavaFX Application Thread] DEBUG Input                - Mocking key press: I
11:52:35.081 [JavaFX Application Thread] DEBUG Input                - Mocking key press: K
11:52:35.406 [JavaFX Application Thread] DEBUG Input                - Mocking key release: I
11:52:35.533 [JavaFX Application Thread] DEBUG Input                - Mocking key press: I
11:52:35.641 [JavaFX Application Thread] DEBUG Input                - Mocking key release: K
11:52:35.925 [JavaFX Application Thread] DEBUG Input                - Mocking key press: K
11:52:35.962 [JavaFX Application Thread] DEBUG Input                - Mocking key release: I
11:52:36.159 [JavaFX Application Thread] DEBUG Input                - Mocking key release: K
11:52:36.249 [JavaFX Application Thread] DEBUG Input                - Mocking key press: I
11:52:36.590 [JavaFX Application Thread] DEBUG Input                - Mocking key release: I
11:52:36.678 [JavaFX Application Thread] DEBUG Input                - Mocking key press: K
11:52:36.731 [JavaFX Application Thread] DEBUG Input                - Mocking key release: K
11:52:36.966 [JavaFX Application Thread] DEBUG Input                - Mocking key press: K
11:52:37.001 [JavaFX Application Thread] DEBUG Input                - Mocking key release: K
11:52:37.126 [JavaFX Application Thread] DEBUG Input                - Mocking key press: K
11:52:37.181 [JavaFX Application Thread] DEBUG Input                - Mocking key release: K
11:52:37.288 [JavaFX Application Thread] DEBUG Input                - Mocking key press: K
11:52:37.340 [JavaFX Application Thread] DEBUG Input                - Mocking key release: K
11:52:37.466 [JavaFX Application Thread] DEBUG Input                - Mocking key press: K
11:52:37.520 [JavaFX Application Thread] DEBUG Input                - Mocking key release: K
11:52:37.590 [JavaFX Application Thread] DEBUG Input                - Mocking key press: K
11:52:37.662 [JavaFX Application Thread] DEBUG Input                - Mocking key release: K
11:52:37.788 [JavaFX Application Thread] DEBUG Input                - Mocking key press: I
11:52:37.841 [JavaFX Application Thread] DEBUG Input                - Mocking key release: I
11:52:37.930 [JavaFX Application Thread] DEBUG Input                - Mocking key press: I
11:52:38.002 [JavaFX Application Thread] DEBUG Input                - Mocking key release: I
11:52:38.092 [JavaFX Application Thread] DEBUG Input                - Mocking key press: I
11:52:38.145 [JavaFX Application Thread] DEBUG Input                - Mocking key release: I
11:52:38.235 [JavaFX Application Thread] DEBUG Input                - Mocking key press: I
11:52:38.400 [JavaFX Application Thread] DEBUG Input                - Mocking key release: I
11:52:38.400 [JavaFX Application Thread] DEBUG Input                - Mocking key press: I
11:52:38.456 [JavaFX Application Thread] DEBUG Input                - Mocking key release: I
11:52:38.564 [JavaFX Application Thread] DEBUG Input                - Mocking key press: K
11:52:38.635 [JavaFX Application Thread] DEBUG Input                - Mocking key release: K
11:52:38.724 [JavaFX Application Thread] DEBUG Input                - Mocking key press: K
11:52:38.777 [JavaFX Application Thread] DEBUG Input                - Mocking key release: K
11:52:38.923 [JavaFX Application Thread] DEBUG Input                - Mocking key press: I
11:52:39.008 [JavaFX Application Thread] DEBUG Input                - Mocking key release: I
11:52:39.082 [JavaFX Application Thread] DEBUG Input                - Mocking key press: I
11:52:39.154 [JavaFX Application Thread] DEBUG Input                - Mocking key release: I
11:52:39.243 [JavaFX Application Thread] DEBUG Input                - Mocking key press: K
11:52:39.315 [JavaFX Application Thread] DEBUG Input                - Mocking key release: K
11:52:39.386 [JavaFX Application Thread] DEBUG Input                - Mocking key press: K
11:52:39.457 [JavaFX Application Thread] DEBUG Input                - Mocking key release: K
11:52:39.547 [JavaFX Application Thread] DEBUG Input                - Mocking key press: K
11:52:39.657 [JavaFX Application Thread] DEBUG Input                - Mocking key release: K
11:52:39.708 [JavaFX Application Thread] DEBUG Input                - Mocking key press: K
11:52:39.797 [JavaFX Application Thread] DEBUG Input                - Mocking key release: K
11:52:39.887 [JavaFX Application Thread] DEBUG Input                - Mocking key press: I
11:52:39.958 [JavaFX Application Thread] DEBUG Input                - Mocking key release: I
11:52:40.030 [JavaFX Application Thread] DEBUG Input                - Mocking key press: I
11:52:40.119 [JavaFX Application Thread] DEBUG Input                - Mocking key release: I
11:52:40.192 [JavaFX Application Thread] DEBUG Input                - Mocking key press: I
11:52:40.281 [JavaFX Application Thread] DEBUG Input                - Mocking key release: I
11:52:40.388 [JavaFX Application Thread] DEBUG Input                - Mocking key press: K
11:52:40.476 [JavaFX Application Thread] DEBUG Input                - Mocking key release: K
11:52:40.583 [JavaFX Application Thread] DEBUG Input                - Mocking key press: K
11:52:40.638 [JavaFX Application Thread] DEBUG Input                - Mocking key release: K
11:52:40.727 [JavaFX Application Thread] DEBUG Input                - Mocking key press: K
11:52:40.817 [JavaFX Application Thread] DEBUG Input                - Mocking key release: K
11:52:40.925 [JavaFX Application Thread] DEBUG Input                - Mocking key press: I
11:52:40.979 [JavaFX Application Thread] DEBUG Input                - Mocking key release: I
11:52:41.067 [JavaFX Application Thread] DEBUG Input                - Mocking key press: I
11:52:41.157 [JavaFX Application Thread] DEBUG Input                - Mocking key release: I
11:52:41.264 [JavaFX Application Thread] DEBUG Input                - Mocking key press: I
11:52:41.371 [JavaFX Application Thread] DEBUG Input                - Mocking key release: I
11:52:41.424 [JavaFX Application Thread] DEBUG Input                - Mocking key press: I
11:52:41.498 [JavaFX Application Thread] DEBUG Input                - Mocking key release: I
11:52:41.621 [JavaFX Application Thread] DEBUG Input                - Mocking key press: K
11:52:41.711 [JavaFX Application Thread] DEBUG Input                - Mocking key release: K
11:52:41.766 [JavaFX Application Thread] DEBUG Input                - Mocking key press: K
11:52:41.872 [JavaFX Application Thread] DEBUG Input                - Mocking key release: K
11:52:41.944 [JavaFX Application Thread] DEBUG Input                - Mocking key press: K
11:52:42.073 [JavaFX Application Thread] DEBUG Input                - Mocking key release: K
11:52:42.125 [JavaFX Application Thread] DEBUG Input                - Mocking key press: K
11:52:42.179 [JavaFX Application Thread] DEBUG Input                - Mocking key release: K
11:52:42.454 [JavaFX Application Thread] DEBUG Input                - Mocking key press: I
11:52:42.529 [JavaFX Application Thread] DEBUG Input                - Mocking key release: I
11:52:42.618 [JavaFX Application Thread] DEBUG Input                - Mocking key press: I
11:52:42.691 [JavaFX Application Thread] DEBUG Input                - Mocking key release: I
11:52:42.834 [JavaFX Application Thread] DEBUG Input                - Mocking key press: K
11:52:42.907 [JavaFX Application Thread] DEBUG Input                - Mocking key release: K
11:52:43.463 [JavaFX Application Thread] DEBUG Input                - Mocking key press: I
11:52:43.551 [JavaFX Application Thread] DEBUG Input                - Mocking key release: I
11:52:43.623 [JavaFX Application Thread] DEBUG Input                - Mocking key press: I
11:52:43.714 [JavaFX Application Thread] DEBUG Input                - Mocking key release: I
11:52:43.805 [JavaFX Application Thread] DEBUG Input                - Mocking key press: K
11:52:43.914 [JavaFX Application Thread] DEBUG Input                - Mocking key release: K
11:52:43.968 [JavaFX Application Thread] DEBUG Input                - Mocking key press: K
11:52:44.075 [JavaFX Application Thread] DEBUG Input                - Mocking key release: K
11:52:44.166 [JavaFX Application Thread] DEBUG Input                - Mocking key press: I
11:52:44.237 [JavaFX Application Thread] DEBUG Input                - Mocking key release: I
11:52:44.423 [JavaFX Application Thread] DEBUG Input                - Mocking key press: I
11:52:44.423 [JavaFX Application Thread] DEBUG Input                - Mocking key release: I
11:52:44.478 [JavaFX Application Thread] DEBUG Input                - Mocking key press: I
11:52:44.566 [JavaFX Application Thread] DEBUG Input                - Mocking key release: I
11:52:44.639 [JavaFX Application Thread] DEBUG Input                - Mocking key press: I
11:52:44.729 [JavaFX Application Thread] DEBUG Input                - Mocking key release: I
11:52:44.820 [JavaFX Application Thread] DEBUG Input                - Mocking key press: K
11:52:44.926 [JavaFX Application Thread] DEBUG Input                - Mocking key release: K
11:52:44.997 [JavaFX Application Thread] DEBUG Input                - Mocking key press: K
11:52:45.107 [JavaFX Application Thread] DEBUG Input                - Mocking key release: K
11:52:45.379 [JavaFX Application Thread] DEBUG Input                - Mocking key press: I
11:52:45.451 [JavaFX Application Thread] DEBUG Input                - Mocking key release: I
11:52:45.523 [JavaFX Application Thread] DEBUG Input                - Mocking key press: I
11:52:45.595 [JavaFX Application Thread] DEBUG Input                - Mocking key release: I
11:52:45.650 [JavaFX Application Thread] DEBUG Input                - Mocking key press: I
11:52:45.724 [JavaFX Application Thread] DEBUG Input                - Mocking key release: I
11:52:45.817 [JavaFX Application Thread] DEBUG Input                - Mocking key press: K
11:52:45.888 [JavaFX Application Thread] DEBUG Input                - Mocking key release: K
11:52:45.941 [JavaFX Application Thread] DEBUG Input                - Mocking key press: K
11:52:46.050 [JavaFX Application Thread] DEBUG Input                - Mocking key release: K
11:52:46.156 [JavaFX Application Thread] DEBUG Input                - Mocking key press: I
11:52:46.228 [JavaFX Application Thread] DEBUG Input                - Mocking key release: I
11:52:46.318 [JavaFX Application Thread] DEBUG Input                - Mocking key press: I
11:52:46.389 [JavaFX Application Thread] DEBUG Input                - Mocking key release: I
11:52:46.639 [JavaFX Application Thread] DEBUG Input                - Mocking key press: I
11:52:46.693 [JavaFX Application Thread] DEBUG Input                - Mocking key release: I
11:52:46.926 [JavaFX Application Thread] DEBUG Input                - Mocking key press: I
11:52:47.034 [JavaFX Application Thread] DEBUG Input                - Mocking key press: K
11:52:47.034 [JavaFX Application Thread] DEBUG Input                - Mocking key release: I
11:52:47.195 [JavaFX Application Thread] DEBUG Input                - Mocking key press: I
11:52:47.195 [JavaFX Application Thread] DEBUG Input                - Mocking key release: K
11:52:47.434 [JavaFX Application Thread] DEBUG Input                - Mocking key release: I
11:52:47.434 [JavaFX Application Thread] DEBUG Input                - Mocking key press: K
11:52:47.507 [JavaFX Application Thread] DEBUG Input                - Mocking key release: K
11:52:47.526 [JavaFX Application Thread] DEBUG Input                - Mocking key press: I
11:52:47.652 [JavaFX Application Thread] DEBUG Input                - Mocking key press: K
11:52:47.670 [JavaFX Application Thread] DEBUG Input                - Mocking key release: I
11:52:47.795 [JavaFX Application Thread] DEBUG Input                - Mocking key release: K
11:52:47.830 [JavaFX Application Thread] DEBUG Input                - Mocking key press: I
11:52:47.887 [JavaFX Application Thread] DEBUG Input                - Mocking key release: I
11:52:48.029 [JavaFX Application Thread] DEBUG Input                - Mocking key press: I
11:52:48.228 [JavaFX Application Thread] DEBUG Input                - Mocking key release: I
11:52:48.228 [JavaFX Application Thread] DEBUG Input                - Mocking key press: K
11:52:48.479 [JavaFX Application Thread] DEBUG Input                - Mocking key press: I
11:52:48.498 [JavaFX Application Thread] DEBUG Input                - Mocking key release: K
11:52:48.660 [JavaFX Application Thread] DEBUG Input                - Mocking key press: K
11:52:48.660 [JavaFX Application Thread] DEBUG Input                - Mocking key release: I
11:52:48.804 [JavaFX Application Thread] DEBUG Input                - Mocking key press: I
11:52:48.822 [JavaFX Application Thread] DEBUG Input                - Mocking key release: K
11:52:48.963 [JavaFX Application Thread] DEBUG Input                - Mocking key press: K
11:52:48.963 [JavaFX Application Thread] DEBUG Input                - Mocking key release: I
11:52:49.052 [JavaFX Application Thread] DEBUG Input                - Mocking key press: I
11:52:49.088 [JavaFX Application Thread] DEBUG Input                - Mocking key release: K
11:52:49.178 [JavaFX Application Thread] DEBUG Input                - Mocking key press: K
11:52:49.197 [JavaFX Application Thread] DEBUG Input                - Mocking key release: I
11:52:49.287 [JavaFX Application Thread] DEBUG Input                - Mocking key release: K
11:52:49.648 [JavaFX Application Thread] DEBUG Input                - Mocking key press: K
11:52:49.720 [JavaFX Application Thread] DEBUG Input                - Mocking key release: K
11:52:49.828 [JavaFX Application Thread] DEBUG Input                - Mocking key press: K
11:52:49.902 [JavaFX Application Thread] DEBUG Input                - Mocking key release: K
11:52:49.993 [JavaFX Application Thread] DEBUG Input                - Mocking key press: I
11:52:50.066 [JavaFX Application Thread] DEBUG Input                - Mocking key release: I
11:52:50.466 [JavaFX Application Thread] DEBUG Input                - Mocking key press: K
11:52:50.539 [JavaFX Application Thread] DEBUG Input                - Mocking key release: K
11:52:50.715 [JavaFX Application Thread] DEBUG Input                - Mocking key press: S
11:52:50.804 [JavaFX Application Thread] DEBUG Input                - Mocking key release: S
11:52:50.893 [JavaFX Application Thread] DEBUG Input                - Mocking key press: S
11:52:50.965 [JavaFX Application Thread] DEBUG Input                - Mocking key release: S
11:52:51.071 [JavaFX Application Thread] DEBUG Input                - Mocking key press: W
11:52:51.179 [JavaFX Application Thread] DEBUG Input                - Mocking key release: W
11:52:51.250 [JavaFX Application Thread] DEBUG Input                - Mocking key press: W
11:52:51.321 [JavaFX Application Thread] DEBUG Input                - Mocking key release: W
11:52:51.358 [JavaFX Application Thread] DEBUG Input                - Mocking key press: S
11:52:51.465 [JavaFX Application Thread] DEBUG Input                - Mocking key release: S
11:52:51.537 [JavaFX Application Thread] DEBUG Input                - Mocking key press: S
11:52:51.610 [JavaFX Application Thread] DEBUG Input                - Mocking key release: S
11:52:51.699 [JavaFX Application Thread] DEBUG Input                - Mocking key press: W
11:52:51.772 [JavaFX Application Thread] DEBUG Input                - Mocking key release: W
11:52:51.843 [JavaFX Application Thread] DEBUG Input                - Mocking key press: W
11:52:51.951 [JavaFX Application Thread] DEBUG Input                - Mocking key release: W
11:52:52.004 [JavaFX Application Thread] DEBUG Input                - Mocking key press: W
11:52:52.164 [JavaFX Application Thread] DEBUG Input                - Mocking key release: W
11:52:52.182 [JavaFX Application Thread] DEBUG Input                - Mocking key press: S
11:52:52.272 [JavaFX Application Thread] DEBUG Input                - Mocking key release: S
11:52:52.345 [JavaFX Application Thread] DEBUG Input                - Mocking key press: S
11:52:52.452 [JavaFX Application Thread] DEBUG Input                - Mocking key release: S
11:52:52.524 [JavaFX Application Thread] DEBUG Input                - Mocking key press: S
11:52:52.594 [JavaFX Application Thread] DEBUG Input                - Mocking key release: S
11:52:52.612 [JavaFX Application Thread] DEBUG Input                - Mocking key press: W
11:52:52.721 [JavaFX Application Thread] DEBUG Input                - Mocking key release: W
11:52:52.791 [JavaFX Application Thread] DEBUG Input                - Mocking key press: W
11:52:52.899 [JavaFX Application Thread] DEBUG Input                - Mocking key release: W
11:52:53.187 [JavaFX Application Thread] DEBUG Input                - Mocking key press: S
11:52:53.294 [JavaFX Application Thread] DEBUG Input                - Mocking key release: S
11:52:53.365 [JavaFX Application Thread] DEBUG Input                - Mocking key press: S
11:52:53.436 [JavaFX Application Thread] DEBUG Input                - Mocking key release: S
11:52:53.542 [JavaFX Application Thread] DEBUG Input                - Mocking key press: W
11:52:53.612 [JavaFX Application Thread] DEBUG Input                - Mocking key release: W
11:52:53.700 [JavaFX Application Thread] DEBUG Input                - Mocking key press: W
11:52:53.791 [JavaFX Application Thread] DEBUG Input                - Mocking key release: W
11:52:53.865 [JavaFX Application Thread] DEBUG Input                - Mocking key press: W
11:52:53.954 [JavaFX Application Thread] DEBUG Input                - Mocking key release: W
11:52:54.045 [JavaFX Application Thread] DEBUG Input                - Mocking key press: S
11:52:54.098 [JavaFX Application Thread] DEBUG Input                - Mocking key release: S
11:52:54.170 [JavaFX Application Thread] DEBUG Input                - Mocking key press: S
11:52:54.261 [JavaFX Application Thread] DEBUG Input                - Mocking key release: S
11:52:54.333 [JavaFX Application Thread] DEBUG Input                - Mocking key press: S
11:52:54.421 [JavaFX Application Thread] DEBUG Input                - Mocking key release: S
11:52:54.476 [JavaFX Application Thread] DEBUG Input                - Mocking key press: S
11:52:54.564 [JavaFX Application Thread] DEBUG Input                - Mocking key release: S
11:52:54.674 [JavaFX Application Thread] DEBUG Input                - Mocking key press: W
11:52:54.729 [JavaFX Application Thread] DEBUG Input                - Mocking key release: W
11:52:54.798 [JavaFX Application Thread] DEBUG Input                - Mocking key press: W
11:52:54.888 [JavaFX Application Thread] DEBUG Input                - Mocking key release: W
11:52:54.961 [JavaFX Application Thread] DEBUG Input                - Mocking key press: W
11:52:55.052 [JavaFX Application Thread] DEBUG Input                - Mocking key release: W
11:52:55.178 [JavaFX Application Thread] DEBUG Input                - Mocking key press: S
11:52:55.232 [JavaFX Application Thread] DEBUG Input                - Mocking key release: S
11:52:55.321 [JavaFX Application Thread] DEBUG Input                - Mocking key press: S
11:52:55.375 [JavaFX Application Thread] DEBUG Input                - Mocking key release: S
11:52:55.642 [JavaFX Application Thread] DEBUG Input                - Mocking key press: W
11:52:55.732 [JavaFX Application Thread] DEBUG Input                - Mocking key release: W
11:52:55.857 [JavaFX Application Thread] DEBUG Input                - Mocking key press: S
11:52:55.965 [JavaFX Application Thread] DEBUG Input                - Mocking key release: S
11:52:56.233 [JavaFX Application Thread] DEBUG Input                - Mocking key press: S
11:52:56.339 [JavaFX Application Thread] DEBUG Input                - Mocking key release: S
11:52:56.430 [JavaFX Application Thread] DEBUG Input                - Mocking key press: W
11:52:56.555 [JavaFX Application Thread] DEBUG Input                - Mocking key release: W
11:52:56.755 [JavaFX Application Thread] DEBUG Input                - Mocking key press: S
11:52:56.788 [JavaFX Application Thread] DEBUG Input                - Mocking key release: S
11:52:56.971 [JavaFX Application Thread] DEBUG Input                - Mocking key press: W
11:52:57.059 [JavaFX Application Thread] DEBUG Input                - Mocking key release: W
11:52:57.308 [JavaFX Application Thread] DEBUG Input                - Mocking key press: S
11:52:57.432 [JavaFX Application Thread] DEBUG Input                - Mocking key release: S
11:52:57.522 [JavaFX Application Thread] DEBUG Input                - Mocking key press: W
11:52:57.645 [JavaFX Application Thread] DEBUG Input                - Mocking key release: W
11:52:57.716 [JavaFX Application Thread] DEBUG Input                - Mocking key press: S
11:52:57.843 [JavaFX Application Thread] DEBUG Input                - Mocking key press: W
11:52:57.860 [JavaFX Application Thread] DEBUG Input                - Mocking key release: S
11:52:58.003 [JavaFX Application Thread] DEBUG Input                - Mocking key release: W
11:52:58.058 [JavaFX Application Thread] DEBUG Input                - Mocking key press: S
11:52:58.233 [JavaFX Application Thread] DEBUG Input                - Mocking key release: S
11:52:58.233 [JavaFX Application Thread] DEBUG Input                - Mocking key press: W
11:52:58.466 [JavaFX Application Thread] DEBUG Input                - Mocking key press: S
11:52:58.485 [JavaFX Application Thread] DEBUG Input                - Mocking key release: W
11:52:58.684 [JavaFX Application Thread] DEBUG Input                - Mocking key press: W
11:52:58.684 [JavaFX Application Thread] DEBUG Input                - Mocking key release: S
11:52:58.878 [JavaFX Application Thread] DEBUG Input                - Mocking key release: W
11:52:58.880 [JavaFX Application Thread] DEBUG Input                - Mocking key press: S
11:52:59.027 [JavaFX Application Thread] DEBUG Input                - Mocking key press: W
11:52:59.027 [JavaFX Application Thread] DEBUG Input                - Mocking key release: S
11:52:59.158 [JavaFX Application Thread] DEBUG Input                - Mocking key release: W
11:52:59.194 [JavaFX Application Thread] DEBUG Input                - Mocking key press: W
11:52:59.302 [JavaFX Application Thread] DEBUG Input                - Mocking key release: W
11:52:59.372 [JavaFX Application Thread] DEBUG Input                - Mocking key press: S
11:52:59.552 [JavaFX Application Thread] DEBUG Input                - Mocking key release: S
11:52:59.698 [JavaFX Application Thread] DEBUG Input                - Mocking key press: W
11:52:59.768 [JavaFX Application Thread] DEBUG Input                - Mocking key release: W
11:53:00.018 [JavaFX Application Thread] DEBUG Input                - Mocking key press: S
11:53:00.108 [JavaFX Application Thread] DEBUG Input                - Mocking key release: S
11:53:03.867 [JavaFX Application Thread] DEBUG Input                - Mocking key press: K
11:53:03.903 [JavaFX Application Thread] DEBUG Input                - Mocking key release: K
11:53:04.225 [JavaFX Application Thread] DEBUG Input                - Mocking key press: K
11:53:04.242 [JavaFX Application Thread] DEBUG Input                - Mocking key release: K
11:53:04.565 [JavaFX Application Thread] DEBUG Input                - Mocking key press: I
11:53:04.620 [JavaFX Application Thread] DEBUG Input                - Mocking key release: I
11:53:04.800 [JavaFX Application Thread] DEBUG Input                - Mocking key press: I
11:53:04.853 [JavaFX Application Thread] DEBUG Input                - Mocking key release: I
11:53:05.087 [JavaFX Application Thread] DEBUG Input                - Mocking key press: I
11:53:05.141 [JavaFX Application Thread] DEBUG Input                - Mocking key release: I
11:53:05.340 [JavaFX Application Thread] DEBUG Input                - Mocking key press: I
11:53:05.506 [JavaFX Application Thread] DEBUG Input                - Mocking key release: I
11:53:05.543 [JavaFX Application Thread] DEBUG Input                - Mocking key press: K
11:53:05.596 [JavaFX Application Thread] DEBUG Input                - Mocking key release: K
11:53:05.739 [JavaFX Application Thread] DEBUG Input                - Mocking key press: K
11:53:05.792 [JavaFX Application Thread] DEBUG Input                - Mocking key release: K
11:53:05.900 [JavaFX Application Thread] DEBUG Input                - Mocking key press: K
11:53:05.971 [JavaFX Application Thread] DEBUG Input                - Mocking key release: K
11:53:06.116 [JavaFX Application Thread] DEBUG Input                - Mocking key press: I
11:53:06.205 [JavaFX Application Thread] DEBUG Input                - Mocking key release: I
11:53:06.420 [JavaFX Application Thread] DEBUG Input                - Mocking key press: K
11:53:06.545 [JavaFX Application Thread] DEBUG Input                - Mocking key release: K
11:53:06.655 [JavaFX Application Thread] DEBUG Input                - Mocking key press: I
11:53:06.763 [JavaFX Application Thread] DEBUG Input                - Mocking key release: I
11:53:06.852 [JavaFX Application Thread] DEBUG Input                - Mocking key press: K
11:53:06.942 [JavaFX Application Thread] DEBUG Input                - Mocking key release: K
11:53:07.067 [JavaFX Application Thread] DEBUG Input                - Mocking key press: K
11:53:07.102 [JavaFX Application Thread] DEBUG Input                - Mocking key release: K
11:53:07.245 [JavaFX Application Thread] DEBUG Input                - Mocking key press: I
11:53:07.299 [JavaFX Application Thread] DEBUG Input                - Mocking key release: I
11:53:07.388 [JavaFX Application Thread] DEBUG Input                - Mocking key press: I
11:53:07.443 [JavaFX Application Thread] DEBUG Input                - Mocking key release: I
11:53:12.184 [JavaFX Application Thread] DEBUG FXGLApplication      - Exiting FXGL
11:53:12.184 [JavaFX Application Thread] DEBUG LoopRunner           - Stopping loop
11:53:12.184 [JavaFX Application Thread] DEBUG SystemBundleService  - Saving FXGL system data
11:53:12.185 [JavaFX Application Thread] DEBUG FileSystemAccess     - Writing to: C:\Users\danie\Downloads\SDLMultiplayerProject-main\CI628-PongServer-master\system\fxgl.bundle
11:53:12.187 [JavaFX Application Thread] DEBUG Async                - Shutting down background threads
11:53:12.187 [JavaFX Application Thread] DEBUG MainWindow           - Closing main window
11:53:12.201 [JavaFX Application Thread] DEBUG Logger               - Closing Logger
