17:46:47.398 [main                     ] DEBUG Logger               - Configured Logger
17:46:47.401 [main                     ] DEBUG GameApplication      - Logging settings
Title: Pong
Version: 1.0
Width: 800
Height: 600
Fullscreen: false
Intro: false
Profiling: false
Single step:false
App Mode: DEBUG
Menu Key: ESCAPE
Stage Style: DECORATED
Scene Factory: class com.almasb.fxgl.app.scene.SceneFactory

17:46:47.632 [JavaFX Application Thread] DEBUG FXGLApplication      - Initializing FXGL
17:46:47.634 [JavaFX Application Thread] INFO  Engine               - FXGL-11.11 (08.09.2020 18.00) on WINDOWS (J:23 FX:14)
17:46:47.635 [JavaFX Application Thread] DEBUG Engine               - JRE Vendor Name: Oracle Corporation
17:46:47.635 [JavaFX Application Thread] DEBUG Engine               - Running on OS: Windows 11 version 10.0
17:46:47.635 [JavaFX Application Thread] DEBUG Engine               - Architecture: amd64
17:46:47.635 [JavaFX Application Thread] INFO  Engine               - Source code and latest versions at: https://github.com/AlmasB/FXGL
17:46:47.635 [JavaFX Application Thread] INFO  Engine               -              Join the FXGL chat at: https://gitter.im/AlmasB/FXGL
17:46:47.679 [JavaFX Application Thread] DEBUG MainWindow           - Creating a JavaFX scene
17:46:47.704 [JavaFX Application Thread] DEBUG MainWindow           - Target settings size: 800.0 x 600.0
17:46:47.704 [JavaFX Application Thread] DEBUG MainWindow           - Scaled scene size:    800.0 x 600.0
17:46:47.704 [JavaFX Application Thread] DEBUG MainWindow           - Scaled ratio: (1.0, 1.0)
17:46:47.704 [JavaFX Application Thread] DEBUG MainWindow           - Set initial scene to StartupScene
17:46:47.707 [JavaFX Application Thread] DEBUG MainWindow           - Opening main window
17:46:47.757 [JavaFX Application Thread] DEBUG MainWindow           - Window border size: (16.0, 39.0)
17:46:47.757 [JavaFX Application Thread] DEBUG MainWindow           - Scaled size: 800.0 x 600.0
17:46:47.757 [JavaFX Application Thread] DEBUG MainWindow           - Scaled ratio: (1.0, 1.0)
17:46:47.757 [JavaFX Application Thread] DEBUG MainWindow           - Scene size: 800.0 x 600.0
17:46:47.758 [JavaFX Application Thread] DEBUG MainWindow           - Stage size: 816.0 x 639.0
17:46:47.762 [FXGL Background Thread 1 ] DEBUG Engine               - Initializing environment variables
17:46:47.801 [FXGL Background Thread 1 ] DEBUG GameApplicationServi - Applying CSS: fxgl_dark.css
17:46:47.801 [FXGL Background Thread 1 ] DEBUG FXGLAssetLoaderServi - Loading from file system: /assets/ui/css/fxgl_dark.css
17:46:47.827 [FXGL Background Thread 1 ] DEBUG GameApplicationServi - Initializing application scenes
17:46:47.860 [FXGL Background Thread 1 ] DEBUG GameWorld            - Game world initialized
17:46:47.898 [FXGL Background Thread 1 ] DEBUG PhysicsWorld         - Physics world initialized: appHeight=600, physics.ppm=50.0
17:46:47.899 [FXGL Background Thread 1 ] DEBUG GameScene            - Game scene initialized: 800x600
17:46:47.917 [FXGL Background Thread 1 ] DEBUG FXGLAssetLoaderServi - Loading from file system: /assets/textures/particles/trace_horizontal.png
17:46:47.944 [FXGL Background Thread 1 ] DEBUG FXGL.DefaultMenu     - createMenuBodyGameMenu()
17:46:47.951 [FXGL Background Thread 1 ] DEBUG FXGL.DefaultMenu     - createOptionsMenu()
17:46:47.954 [FXGL Background Thread 1 ] DEBUG FXGLAssetLoaderServi - Loading from file system: /assets/textures/particles/smoke.png
17:46:47.982 [FXGL Background Thread 1 ] DEBUG GameApplicationServi - Application scenes initialized
17:46:47.996 [FXGL Background Thread 1 ] DEBUG SystemBundleService  - Loading FXGL system data
17:46:48.000 [FXGL Background Thread 1 ] DEBUG FileSystemAccess     - Reading from: C:\Users\danie\Downloads\SDLMultiplayerProject-main\CI628-PongServer-master\system\fxgl.bundle
17:46:48.004 [FXGL Background Thread 1 ] DEBUG SystemBundleService  - Bundle FXGL: {}
17:46:48.004 [FXGL Background Thread 1 ] DEBUG UpdaterService       - Checking for updates
17:46:48.007 [FXGL Background Thread 4 ] DEBUG FXGLApplication      - Loading fonts
17:46:48.007 [FXGL Background Thread 4 ] DEBUG FXGLAssetLoaderServi - Loading from file system: /assets/ui/fonts/pong.ttf
17:46:48.007 [FXGL Background Thread 1 ] DEBUG FXGLApplication      - Loading default localization
17:46:48.007 [FXGL Background Thread 1 ] DEBUG FXGLAssetLoaderServi - Loading from file system: /assets/languages/english.lang
17:46:48.033 [FXGL Background Thread 1 ] INFO  FXGLApplication      - FXGL initialization took: 0.271 sec
17:46:48.034 [JavaFX Application Thread] DEBUG FXGLAssetLoaderServi - Loading from file system: /assets/textures/fxgl_icon.png
17:46:48.035 [FXGL Background Thread 4 ] DEBUG FXGLAssetLoaderServi - Loading from file system: /assets/ui/fonts/Abel-Regular.ttf
17:46:48.043 [FXGL Background Thread 4 ] DEBUG FXGLAssetLoaderServi - Loading from file system: /assets/ui/fonts/lucida_console.ttf
17:46:48.045 [JavaFX Application Thread] DEBUG FXGLAssetLoaderServi - Loading from file system: /assets/ui/cursors/fxgl_default.png
17:46:48.050 [JavaFX Application Thread] DEBUG Input                - Registered new binding: Screenshot - P
17:46:48.050 [JavaFX Application Thread] DEBUG Input                - Registered new binding: System info dump - CTRL+9
17:46:48.050 [JavaFX Application Thread] DEBUG Input                - Registered new binding: Restart - CTRL+R
17:46:48.051 [JavaFX Application Thread] DEBUG Input                - Registered new binding: Toggle Debug Camera - CTRL+C
17:46:48.052 [JavaFX Application Thread] DEBUG LoopRunner           - Starting loop
17:46:48.052 [FXGL Background Thread 4 ] DEBUG FXGLAssetLoaderServi - Loading from file system: /assets/ui/fonts/Courier-Prime.ttf
17:46:48.052 [JavaFX Application Thread] DEBUG GameApplicationServi - Starting new game
17:46:48.053 [JavaFX Application Thread] DEBUG Input                - Clearing active input actions
17:46:48.063 [JavaFX Application Thread] DEBUG GameApplicationServi - Removing overlay from StartupScene and adding to FXGLLoadingScene
17:46:48.063 [JavaFX Application Thread] DEBUG MainWindow           - StartupScene -> FXGLLoadingScene
17:46:48.063 [JavaFX Application Thread] DEBUG GameApplicationServi - Clearing previous game
17:46:48.063 [JavaFX Application Thread] DEBUG GameScene            - Clearing game scene
17:46:48.063 [JavaFX Application Thread] DEBUG GameWorld            - Clearing game world
17:46:48.063 [JavaFX Application Thread] DEBUG PhysicsWorld         - Clearing physics world
17:46:48.065 [FXGL Background Thread 4 ] DEBUG FXGLApplication      - Initializing game
17:46:48.107 [JavaFX Application Thread] DEBUG FXGLApplication      - Registering font factories with UI factory
17:46:48.125 [FXGL Background Thread 4 ] DEBUG FXGLAssetLoaderServi - Loading from file system: /assets/ui/main.fxml
17:46:48.126 [Thread-4                 ] DEBUG TCPServer            - Starting to listen at: 55555 type: class java.lang.String
17:46:48.180 [FXGL Background Thread 4 ] INFO  FXGLApplication      - Game initialization took: 0.114 sec
17:46:48.181 [JavaFX Application Thread] DEBUG Input                - Clearing active input actions
17:46:48.190 [JavaFX Application Thread] DEBUG GameApplicationServi - Removing overlay from FXGLLoadingScene and adding to GameScene
17:46:48.190 [JavaFX Application Thread] DEBUG MainWindow           - FXGLLoadingScene -> GameScene
17:46:48.436 [FXGL Background Thread 2 ] INFO  UpdaterService       - Your current version:  11.11
17:46:48.436 [FXGL Background Thread 2 ] INFO  UpdaterService       - Latest stable version: 21+dev-SNAPSHOT
17:46:50.614 [Thread-4                 ] DEBUG Endpoint             - TCPServer opening new connection (1) from /127.0.0.1:64706 type: class java.lang.String
17:46:50.614 [Thread-4                 ] DEBUG Endpoint             - TCPServer successfully opened connection (1)
17:46:50.615 [TCPServer_SendThread-1   ] DEBUG Writers              - Getting TCPMessageWriter for class java.lang.String
17:46:50.616 [TCPServer_RecvThread-1   ] DEBUG Readers              - Getting TCPMessageReader for class java.lang.String
17:46:50.616 [TCPServer_SendThread-1   ] DEBUG Writers              - Constructed TCPMessageWriter for class java.lang.String: MessageWriterS
17:46:50.616 [TCPServer_RecvThread-1   ] DEBUG Readers              - Constructed MessageReader for class java.lang.String: MessageReaderS
17:46:51.007 [FXGL Background Thread 3 ] DEBUG Engine               - Logging environment variables
17:46:51.007 [FXGL Background Thread 3 ] DEBUG Engine               - achievements: []
17:46:51.007 [FXGL Background Thread 3 ] DEBUG Engine               - appIcon: fxgl_icon.png
17:46:51.007 [FXGL Background Thread 3 ] DEBUG Engine               - applicationMode: DEBUG
17:46:51.007 [FXGL Background Thread 3 ] DEBUG Engine               - cSSList: [fxgl_dark.css]
17:46:51.007 [FXGL Background Thread 3 ] DEBUG Engine               - configClass: Optional.empty
17:46:51.007 [FXGL Background Thread 3 ] DEBUG Engine               - credits: []
17:46:51.007 [FXGL Background Thread 3 ] DEBUG Engine               - devBBoxColorProperty: ObjectProperty [value: 0xff0000ff]
17:46:51.007 [FXGL Background Thread 3 ] DEBUG Engine               - devEnableDebugCameraProperty: BooleanProperty [value: false]
17:46:51.007 [FXGL Background Thread 3 ] DEBUG Engine               - devSensorColorProperty: ObjectProperty [value: 0xffff00ff]
17:46:51.008 [FXGL Background Thread 3 ] DEBUG Engine               - devShowBBoxProperty: BooleanProperty [value: false]
17:46:51.008 [FXGL Background Thread 3 ] DEBUG Engine               - devShowPositionProperty: BooleanProperty [value: false]
17:46:51.008 [FXGL Background Thread 3 ] DEBUG Engine               - enabledMenuItems: []
17:46:51.008 [FXGL Background Thread 3 ] DEBUG Engine               - engineServices: [class com.almasb.fxgl.app.FXGLApplication$GameApplicationService, class com.almasb.fxgl.app.services.FXGLDialogService, class com.almasb.fxgl.app.services.IOTaskExecutorService, class com.almasb.fxgl.event.EventBusService, class com.almasb.fxgl.io.FileSystemService, class com.almasb.fxgl.localization.LocalizationService, class com.almasb.fxgl.app.services.FXGLAssetLoaderService, class com.almasb.fxgl.app.services.SystemBundleService, class com.almasb.fxgl.profile.SaveLoadService, class com.almasb.fxgl.ui.FXGLUIFactoryServiceProvider, class com.almasb.fxgl.ui.FXGLDialogFactoryServiceProvider, class com.almasb.fxgl.audio.AudioPlayer, class com.almasb.fxgl.notification.impl.NotificationServiceProvider, class com.almasb.fxgl.achievement.AchievementService, class com.almasb.fxgl.cutscene.CutsceneService, class com.almasb.fxgl.minigames.MiniGameService, class com.almasb.fxgl.net.NetService, class com.almasb.fxgl.app.services.UpdaterService, class com.almasb.fxgl.dev.DevService]
17:46:51.008 [FXGL Background Thread 3 ] DEBUG Engine               - fontGame: Abel-Regular.ttf
17:46:51.008 [FXGL Background Thread 3 ] DEBUG Engine               - fontMono: lucida_console.ttf
17:46:51.008 [FXGL Background Thread 3 ] DEBUG Engine               - fontText: Courier-Prime.ttf
17:46:51.008 [FXGL Background Thread 3 ] DEBUG Engine               - fontUI: pong.ttf
17:46:51.008 [FXGL Background Thread 3 ] DEBUG Engine               - fullScreen: BooleanProperty [value: false]
17:46:51.008 [FXGL Background Thread 3 ] DEBUG Engine               - gameDifficulty: MEDIUM
17:46:51.008 [FXGL Background Thread 3 ] DEBUG Engine               - gameDifficultyProperty: ObjectProperty [value: MEDIUM]
17:46:51.008 [FXGL Background Thread 3 ] DEBUG Engine               - globalMusicVolume: 0.5
17:46:51.008 [FXGL Background Thread 3 ] DEBUG Engine               - globalMusicVolumeProperty: DoubleProperty [value: 0.5]
17:46:51.008 [FXGL Background Thread 3 ] DEBUG Engine               - globalSoundVolume: 0.5
17:46:51.008 [FXGL Background Thread 3 ] DEBUG Engine               - globalSoundVolumeProperty: DoubleProperty [value: 0.5]
17:46:51.008 [FXGL Background Thread 3 ] DEBUG Engine               - height: 600
17:46:51.008 [FXGL Background Thread 3 ] DEBUG Engine               - isAndroid: false
17:46:51.008 [FXGL Background Thread 3 ] DEBUG Engine               - isBrowser: false
17:46:51.008 [FXGL Background Thread 3 ] DEBUG Engine               - isClickFeedbackEnabled: false
17:46:51.009 [FXGL Background Thread 3 ] DEBUG Engine               - isCloseConfirmation: false
17:46:51.009 [FXGL Background Thread 3 ] DEBUG Engine               - isDesktop: true
17:46:51.009 [FXGL Background Thread 3 ] DEBUG Engine               - isDeveloperMenuEnabled: false
17:46:51.009 [FXGL Background Thread 3 ] DEBUG Engine               - isEntityPreloadEnabled: true
17:46:51.009 [FXGL Background Thread 3 ] DEBUG Engine               - isExperimentalNative: false
17:46:51.009 [FXGL Background Thread 3 ] DEBUG Engine               - isExperimentalTiledLargeMap: false
17:46:51.009 [FXGL Background Thread 3 ] DEBUG Engine               - isFileSystemWriteAllowed: true
17:46:51.009 [FXGL Background Thread 3 ] DEBUG Engine               - isFullScreenAllowed: false
17:46:51.009 [FXGL Background Thread 3 ] DEBUG Engine               - isFullScreenFromStart: false
17:46:51.009 [FXGL Background Thread 3 ] DEBUG Engine               - isGameMenuEnabled: true
17:46:51.009 [FXGL Background Thread 3 ] DEBUG Engine               - isIOS: false
17:46:51.009 [FXGL Background Thread 3 ] DEBUG Engine               - isIntroEnabled: false
17:46:51.009 [FXGL Background Thread 3 ] DEBUG Engine               - isLinux: false
17:46:51.009 [FXGL Background Thread 3 ] DEBUG Engine               - isMac: false
17:46:51.009 [FXGL Background Thread 3 ] DEBUG Engine               - isMainMenuEnabled: false
17:46:51.009 [FXGL Background Thread 3 ] DEBUG Engine               - isManualResizeEnabled: false
17:46:51.009 [FXGL Background Thread 3 ] DEBUG Engine               - isMobile: false
17:46:51.009 [FXGL Background Thread 3 ] DEBUG Engine               - isPreserveResizeRatio: false
17:46:51.009 [FXGL Background Thread 3 ] DEBUG Engine               - isProfilingEnabled: false
17:46:51.009 [FXGL Background Thread 3 ] DEBUG Engine               - isSingleStep: false
17:46:51.009 [FXGL Background Thread 3 ] DEBUG Engine               - isUserProfileEnabled: false
17:46:51.009 [FXGL Background Thread 3 ] DEBUG Engine               - isWindows: true
17:46:51.009 [FXGL Background Thread 3 ] DEBUG Engine               - language: ObjectProperty [value: ENGLISH]
17:46:51.009 [FXGL Background Thread 3 ] DEBUG Engine               - menuKey: ESCAPE
17:46:51.010 [FXGL Background Thread 3 ] DEBUG Engine               - notificationViewClass: class com.almasb.fxgl.notification.view.XboxNotificationView
17:46:51.010 [FXGL Background Thread 3 ] DEBUG Engine               - pixelsPerMeter: 50.0
17:46:51.010 [FXGL Background Thread 3 ] DEBUG Engine               - platform: WINDOWS
17:46:51.010 [FXGL Background Thread 3 ] DEBUG Engine               - profileDir: profiles/
17:46:51.010 [FXGL Background Thread 3 ] DEBUG Engine               - profileName: StringProperty [value: DEFAULT]
17:46:51.010 [FXGL Background Thread 3 ] DEBUG Engine               - randomSeed: -1
17:46:51.010 [FXGL Background Thread 3 ] DEBUG Engine               - runtimeInfo: RuntimeInfo(platform=WINDOWS, version=11.11, build=08.09.2020 18.00)
17:46:51.010 [FXGL Background Thread 3 ] DEBUG Engine               - saveFileExt: sav
17:46:51.010 [FXGL Background Thread 3 ] DEBUG Engine               - sceneFactory: com.almasb.fxgl.app.scene.SceneFactory@491d121b
17:46:51.010 [FXGL Background Thread 3 ] DEBUG Engine               - secondsIn24h: 60
17:46:51.010 [FXGL Background Thread 3 ] DEBUG Engine               - soundMenuBack: menu/back.wav
17:46:51.010 [FXGL Background Thread 3 ] DEBUG Engine               - soundMenuPress: menu/press.wav
17:46:51.010 [FXGL Background Thread 3 ] DEBUG Engine               - soundMenuSelect: menu/select.wav
17:46:51.010 [FXGL Background Thread 3 ] DEBUG Engine               - soundNotification: core/notification.wav
17:46:51.010 [FXGL Background Thread 3 ] DEBUG Engine               - stageStyle: DECORATED
17:46:51.010 [FXGL Background Thread 3 ] DEBUG Engine               - supportedLanguages: [ENGLISH, FRENCH, GERMAN, HUNGARIAN, RUSSIAN]
17:46:51.010 [FXGL Background Thread 3 ] DEBUG Engine               - title: Pong
17:46:51.010 [FXGL Background Thread 3 ] DEBUG Engine               - urlGithub: https://github.com/AlmasB/FXGL
17:46:51.010 [FXGL Background Thread 3 ] DEBUG Engine               - urlLeaderboard: http://fxgl-top.herokuapp.com/
17:46:51.010 [FXGL Background Thread 3 ] DEBUG Engine               - urlPOM: https://raw.githubusercontent.com/AlmasB/FXGL/master/pom.xml
17:46:51.011 [FXGL Background Thread 3 ] DEBUG Engine               - version: 1.0
17:46:51.011 [FXGL Background Thread 3 ] DEBUG Engine               - versionCheckDays: 7
17:46:51.011 [FXGL Background Thread 3 ] DEBUG Engine               - width: 800
17:46:51.011 [FXGL Background Thread 3 ] DEBUG Engine               - Logging services
17:46:51.011 [FXGL Background Thread 3 ] DEBUG Engine               - class com.almasb.fxgl.app.FXGLApplication$GameApplicationService
17:46:51.011 [FXGL Background Thread 3 ] DEBUG Engine               - class com.almasb.fxgl.app.services.FXGLDialogService
17:46:51.011 [FXGL Background Thread 3 ] DEBUG Engine               - class com.almasb.fxgl.app.services.IOTaskExecutorService
17:46:51.011 [FXGL Background Thread 3 ] DEBUG Engine               - class com.almasb.fxgl.event.EventBusService
17:46:51.011 [FXGL Background Thread 3 ] DEBUG Engine               - class com.almasb.fxgl.io.FileSystemService
17:46:51.011 [FXGL Background Thread 3 ] DEBUG Engine               - class com.almasb.fxgl.localization.LocalizationService
17:46:51.011 [FXGL Background Thread 3 ] DEBUG Engine               - class com.almasb.fxgl.app.services.FXGLAssetLoaderService
17:46:51.011 [FXGL Background Thread 3 ] DEBUG Engine               - class com.almasb.fxgl.app.services.SystemBundleService
17:46:51.011 [FXGL Background Thread 3 ] DEBUG Engine               - class com.almasb.fxgl.profile.SaveLoadService
17:46:51.011 [FXGL Background Thread 3 ] DEBUG Engine               - class com.almasb.fxgl.ui.FXGLUIFactoryServiceProvider
17:46:51.011 [FXGL Background Thread 3 ] DEBUG Engine               - class com.almasb.fxgl.ui.FXGLDialogFactoryServiceProvider
17:46:51.011 [FXGL Background Thread 3 ] DEBUG Engine               - class com.almasb.fxgl.audio.AudioPlayer
17:46:51.012 [FXGL Background Thread 3 ] DEBUG Engine               - class com.almasb.fxgl.notification.impl.NotificationServiceProvider
17:46:51.012 [FXGL Background Thread 3 ] DEBUG Engine               - class com.almasb.fxgl.achievement.AchievementService
17:46:51.012 [FXGL Background Thread 3 ] DEBUG Engine               - class com.almasb.fxgl.cutscene.CutsceneService
17:46:51.012 [FXGL Background Thread 3 ] DEBUG Engine               - class com.almasb.fxgl.minigames.MiniGameService
17:46:51.012 [FXGL Background Thread 3 ] DEBUG Engine               - class com.almasb.fxgl.net.NetService
17:46:51.012 [FXGL Background Thread 3 ] DEBUG Engine               - class com.almasb.fxgl.app.services.UpdaterService
17:46:51.012 [FXGL Background Thread 3 ] DEBUG Engine               - class com.almasb.fxgl.dev.DevService
17:46:52.171 [JavaFX Application Thread] DEBUG Input                - Mocking key press: W
17:46:52.317 [JavaFX Application Thread] DEBUG Input                - Mocking key release: W
17:46:52.573 [JavaFX Application Thread] DEBUG Input                - Mocking key press: W
17:46:52.757 [JavaFX Application Thread] DEBUG Input                - Mocking key release: W
17:46:52.917 [JavaFX Application Thread] DEBUG Input                - Mocking key press: S
17:46:53.131 [JavaFX Application Thread] DEBUG Input                - Mocking key release: S
17:46:53.319 [JavaFX Application Thread] DEBUG Input                - Mocking key press: W
17:46:53.486 [JavaFX Application Thread] DEBUG Input                - Mocking key release: W
17:46:59.361 [JavaFX Application Thread] DEBUG FXGLApplication      - Exiting FXGL
17:46:59.361 [JavaFX Application Thread] DEBUG LoopRunner           - Stopping loop
17:46:59.361 [JavaFX Application Thread] DEBUG SystemBundleService  - Saving FXGL system data
17:46:59.362 [JavaFX Application Thread] DEBUG FileSystemAccess     - Writing to: C:\Users\danie\Downloads\SDLMultiplayerProject-main\CI628-PongServer-master\system\fxgl.bundle
17:46:59.363 [JavaFX Application Thread] DEBUG Async                - Shutting down background threads
17:46:59.363 [JavaFX Application Thread] DEBUG MainWindow           - Closing main window
17:46:59.378 [JavaFX Application Thread] DEBUG Logger               - Closing Logger
