18:38:10.418 [main                     ] DEBUG Logger               - Configured Logger
18:38:10.420 [main                     ] DEBUG GameApplication      - Logging settings
Title: Pong
Version: 1.0
Width: 800
Height: 600
Fullscreen: false
Intro: false
Profiling: false
Single step:false
App Mode: DEBUG
Menu Key: ESCAPE
Stage Style: DECORATED
Scene Factory: class com.almasb.fxgl.app.scene.SceneFactory

18:38:10.677 [JavaFX Application Thread] DEBUG FXGLApplication      - Initializing FXGL
18:38:10.681 [JavaFX Application Thread] INFO  Engine               - FXGL-11.11 (08.09.2020 18.00) on WINDOWS (J:23 FX:14)
18:38:10.681 [JavaFX Application Thread] DEBUG Engine               - JRE Vendor Name: Oracle Corporation
18:38:10.681 [JavaFX Application Thread] DEBUG Engine               - Running on OS: Windows 11 version 10.0
18:38:10.682 [JavaFX Application Thread] DEBUG Engine               - Architecture: amd64
18:38:10.682 [JavaFX Application Thread] INFO  Engine               - Source code and latest versions at: https://github.com/AlmasB/FXGL
18:38:10.682 [JavaFX Application Thread] INFO  Engine               -              Join the FXGL chat at: https://gitter.im/AlmasB/FXGL
18:38:10.747 [JavaFX Application Thread] DEBUG MainWindow           - Creating a JavaFX scene
18:38:10.779 [JavaFX Application Thread] DEBUG MainWindow           - Target settings size: 800.0 x 600.0
18:38:10.779 [JavaFX Application Thread] DEBUG MainWindow           - Scaled scene size:    800.0 x 600.0
18:38:10.780 [JavaFX Application Thread] DEBUG MainWindow           - Scaled ratio: (1.0, 1.0)
18:38:10.781 [JavaFX Application Thread] DEBUG MainWindow           - Set initial scene to StartupScene
18:38:10.786 [JavaFX Application Thread] DEBUG MainWindow           - Opening main window
18:38:10.862 [JavaFX Application Thread] DEBUG MainWindow           - Window border size: (16.0, 39.0)
18:38:10.862 [JavaFX Application Thread] DEBUG MainWindow           - Scaled size: 800.0 x 600.0
18:38:10.862 [JavaFX Application Thread] DEBUG MainWindow           - Scaled ratio: (1.0, 1.0)
18:38:10.862 [JavaFX Application Thread] DEBUG MainWindow           - Scene size: 800.0 x 600.0
18:38:10.862 [JavaFX Application Thread] DEBUG MainWindow           - Stage size: 816.0 x 639.0
18:38:10.868 [FXGL Background Thread 1 ] DEBUG Engine               - Initializing environment variables
18:38:10.910 [FXGL Background Thread 1 ] DEBUG GameApplicationServi - Applying CSS: fxgl_dark.css
18:38:10.910 [FXGL Background Thread 1 ] DEBUG FXGLAssetLoaderServi - Loading from file system: /assets/ui/css/fxgl_dark.css
18:38:10.936 [FXGL Background Thread 1 ] DEBUG GameApplicationServi - Initializing application scenes
18:38:10.960 [FXGL Background Thread 1 ] DEBUG GameWorld            - Game world initialized
18:38:11.013 [FXGL Background Thread 1 ] DEBUG PhysicsWorld         - Physics world initialized: appHeight=600, physics.ppm=50.0
18:38:11.014 [FXGL Background Thread 1 ] DEBUG GameScene            - Game scene initialized: 800x600
18:38:11.029 [FXGL Background Thread 1 ] DEBUG FXGLAssetLoaderServi - Loading from file system: /assets/textures/particles/trace_horizontal.png
18:38:11.048 [FXGL Background Thread 1 ] DEBUG FXGL.DefaultMenu     - createMenuBodyGameMenu()
18:38:11.056 [FXGL Background Thread 1 ] DEBUG FXGL.DefaultMenu     - createOptionsMenu()
18:38:11.059 [FXGL Background Thread 1 ] DEBUG FXGLAssetLoaderServi - Loading from file system: /assets/textures/particles/smoke.png
18:38:11.093 [FXGL Background Thread 1 ] DEBUG GameApplicationServi - Application scenes initialized
18:38:11.107 [FXGL Background Thread 1 ] DEBUG SystemBundleService  - Loading FXGL system data
18:38:11.111 [FXGL Background Thread 1 ] DEBUG FileSystemAccess     - Reading from: C:\Users\danie\Downloads\SDLMultiplayerProject-main\CI628-PongServer-master\system\fxgl.bundle
18:38:11.116 [FXGL Background Thread 1 ] DEBUG SystemBundleService  - Bundle FXGL: {}
18:38:11.116 [FXGL Background Thread 1 ] DEBUG UpdaterService       - Checking for updates
18:38:11.119 [FXGL Background Thread 4 ] DEBUG FXGLApplication      - Loading fonts
18:38:11.119 [FXGL Background Thread 1 ] DEBUG FXGLApplication      - Loading default localization
18:38:11.119 [FXGL Background Thread 4 ] DEBUG FXGLAssetLoaderServi - Loading from file system: /assets/ui/fonts/pong.ttf
18:38:11.119 [FXGL Background Thread 1 ] DEBUG FXGLAssetLoaderServi - Loading from file system: /assets/languages/english.lang
18:38:11.129 [FXGL Background Thread 1 ] INFO  FXGLApplication      - FXGL initialization took: 0.262 sec
18:38:11.142 [JavaFX Application Thread] DEBUG Input                - Registered new binding: Up1 - W
18:38:11.142 [JavaFX Application Thread] DEBUG Input                - Registered new binding: Down1 - S
18:38:11.142 [JavaFX Application Thread] DEBUG Input                - Registered new binding: Up2 - I
18:38:11.143 [JavaFX Application Thread] DEBUG Input                - Registered new binding: Down2 - K
18:38:11.143 [JavaFX Application Thread] DEBUG FXGLAssetLoaderServi - Loading from file system: /assets/textures/fxgl_icon.png
18:38:11.147 [FXGL Background Thread 4 ] DEBUG FXGLAssetLoaderServi - Loading from file system: /assets/ui/fonts/Abel-Regular.ttf
18:38:11.155 [FXGL Background Thread 4 ] DEBUG FXGLAssetLoaderServi - Loading from file system: /assets/ui/fonts/lucida_console.ttf
18:38:11.155 [JavaFX Application Thread] DEBUG FXGLAssetLoaderServi - Loading from file system: /assets/ui/cursors/fxgl_default.png
18:38:11.158 [JavaFX Application Thread] DEBUG Input                - Registered new binding: Screenshot - P
18:38:11.159 [JavaFX Application Thread] DEBUG Input                - Registered new binding: System info dump - CTRL+9
18:38:11.159 [JavaFX Application Thread] DEBUG Input                - Registered new binding: Restart - CTRL+R
18:38:11.160 [JavaFX Application Thread] DEBUG Input                - Registered new binding: Toggle Debug Camera - CTRL+C
18:38:11.161 [JavaFX Application Thread] DEBUG LoopRunner           - Starting loop
18:38:11.161 [JavaFX Application Thread] DEBUG GameApplicationServi - Starting new game
18:38:11.162 [JavaFX Application Thread] DEBUG Input                - Clearing active input actions
18:38:11.162 [FXGL Background Thread 4 ] DEBUG FXGLAssetLoaderServi - Loading from file system: /assets/ui/fonts/Courier-Prime.ttf
18:38:11.172 [JavaFX Application Thread] DEBUG GameApplicationServi - Removing overlay from StartupScene and adding to FXGLLoadingScene
18:38:11.172 [JavaFX Application Thread] DEBUG MainWindow           - StartupScene -> FXGLLoadingScene
18:38:11.172 [JavaFX Application Thread] DEBUG GameApplicationServi - Clearing previous game
18:38:11.172 [JavaFX Application Thread] DEBUG GameScene            - Clearing game scene
18:38:11.172 [JavaFX Application Thread] DEBUG GameWorld            - Clearing game world
18:38:11.173 [JavaFX Application Thread] DEBUG PhysicsWorld         - Clearing physics world
18:38:11.175 [FXGL Background Thread 4 ] DEBUG FXGLApplication      - Initializing game
18:38:11.219 [JavaFX Application Thread] DEBUG FXGLApplication      - Registering font factories with UI factory
18:38:11.241 [FXGL Background Thread 4 ] DEBUG FXGLAssetLoaderServi - Loading from file system: /assets/ui/main.fxml
18:38:11.243 [Thread-4                 ] DEBUG TCPServer            - Starting to listen at: 55555 type: class java.lang.String
18:38:11.325 [FXGL Background Thread 4 ] INFO  FXGLApplication      - Game initialization took: 0.150 sec
18:38:11.331 [JavaFX Application Thread] DEBUG Input                - Clearing active input actions
18:38:11.341 [JavaFX Application Thread] DEBUG GameApplicationServi - Removing overlay from FXGLLoadingScene and adding to GameScene
18:38:11.341 [JavaFX Application Thread] DEBUG MainWindow           - FXGLLoadingScene -> GameScene
18:38:11.567 [FXGL Background Thread 2 ] INFO  UpdaterService       - Your current version:  11.11
18:38:11.567 [FXGL Background Thread 2 ] INFO  UpdaterService       - Latest stable version: 21+dev-SNAPSHOT
18:38:14.119 [FXGL Background Thread 3 ] DEBUG Engine               - Logging environment variables
18:38:14.119 [FXGL Background Thread 3 ] DEBUG Engine               - achievements: []
18:38:14.119 [FXGL Background Thread 3 ] DEBUG Engine               - appIcon: fxgl_icon.png
18:38:14.119 [FXGL Background Thread 3 ] DEBUG Engine               - applicationMode: DEBUG
18:38:14.119 [FXGL Background Thread 3 ] DEBUG Engine               - cSSList: [fxgl_dark.css]
18:38:14.119 [FXGL Background Thread 3 ] DEBUG Engine               - configClass: Optional.empty
18:38:14.119 [FXGL Background Thread 3 ] DEBUG Engine               - credits: []
18:38:14.119 [FXGL Background Thread 3 ] DEBUG Engine               - devBBoxColorProperty: ObjectProperty [value: 0xff0000ff]
18:38:14.119 [FXGL Background Thread 3 ] DEBUG Engine               - devEnableDebugCameraProperty: BooleanProperty [value: false]
18:38:14.119 [FXGL Background Thread 3 ] DEBUG Engine               - devSensorColorProperty: ObjectProperty [value: 0xffff00ff]
18:38:14.119 [FXGL Background Thread 3 ] DEBUG Engine               - devShowBBoxProperty: BooleanProperty [value: false]
18:38:14.120 [FXGL Background Thread 3 ] DEBUG Engine               - devShowPositionProperty: BooleanProperty [value: false]
18:38:14.120 [FXGL Background Thread 3 ] DEBUG Engine               - enabledMenuItems: []
18:38:14.120 [FXGL Background Thread 3 ] DEBUG Engine               - engineServices: [class com.almasb.fxgl.app.FXGLApplication$GameApplicationService, class com.almasb.fxgl.app.services.FXGLDialogService, class com.almasb.fxgl.app.services.IOTaskExecutorService, class com.almasb.fxgl.event.EventBusService, class com.almasb.fxgl.io.FileSystemService, class com.almasb.fxgl.localization.LocalizationService, class com.almasb.fxgl.app.services.FXGLAssetLoaderService, class com.almasb.fxgl.app.services.SystemBundleService, class com.almasb.fxgl.profile.SaveLoadService, class com.almasb.fxgl.ui.FXGLUIFactoryServiceProvider, class com.almasb.fxgl.ui.FXGLDialogFactoryServiceProvider, class com.almasb.fxgl.audio.AudioPlayer, class com.almasb.fxgl.notification.impl.NotificationServiceProvider, class com.almasb.fxgl.achievement.AchievementService, class com.almasb.fxgl.cutscene.CutsceneService, class com.almasb.fxgl.minigames.MiniGameService, class com.almasb.fxgl.net.NetService, class com.almasb.fxgl.app.services.UpdaterService, class com.almasb.fxgl.dev.DevService]
18:38:14.120 [FXGL Background Thread 3 ] DEBUG Engine               - fontGame: Abel-Regular.ttf
18:38:14.120 [FXGL Background Thread 3 ] DEBUG Engine               - fontMono: lucida_console.ttf
18:38:14.120 [FXGL Background Thread 3 ] DEBUG Engine               - fontText: Courier-Prime.ttf
18:38:14.120 [FXGL Background Thread 3 ] DEBUG Engine               - fontUI: pong.ttf
18:38:14.120 [FXGL Background Thread 3 ] DEBUG Engine               - fullScreen: BooleanProperty [value: false]
18:38:14.120 [FXGL Background Thread 3 ] DEBUG Engine               - gameDifficulty: MEDIUM
18:38:14.120 [FXGL Background Thread 3 ] DEBUG Engine               - gameDifficultyProperty: ObjectProperty [value: MEDIUM]
18:38:14.120 [FXGL Background Thread 3 ] DEBUG Engine               - globalMusicVolume: 0.5
18:38:14.120 [FXGL Background Thread 3 ] DEBUG Engine               - globalMusicVolumeProperty: DoubleProperty [value: 0.5]
18:38:14.120 [FXGL Background Thread 3 ] DEBUG Engine               - globalSoundVolume: 0.5
18:38:14.120 [FXGL Background Thread 3 ] DEBUG Engine               - globalSoundVolumeProperty: DoubleProperty [value: 0.5]
18:38:14.120 [FXGL Background Thread 3 ] DEBUG Engine               - height: 600
18:38:14.120 [FXGL Background Thread 3 ] DEBUG Engine               - isAndroid: false
18:38:14.121 [FXGL Background Thread 3 ] DEBUG Engine               - isBrowser: false
18:38:14.121 [FXGL Background Thread 3 ] DEBUG Engine               - isClickFeedbackEnabled: false
18:38:14.121 [FXGL Background Thread 3 ] DEBUG Engine               - isCloseConfirmation: false
18:38:14.121 [FXGL Background Thread 3 ] DEBUG Engine               - isDesktop: true
18:38:14.121 [FXGL Background Thread 3 ] DEBUG Engine               - isDeveloperMenuEnabled: false
18:38:14.121 [FXGL Background Thread 3 ] DEBUG Engine               - isEntityPreloadEnabled: true
18:38:14.121 [FXGL Background Thread 3 ] DEBUG Engine               - isExperimentalNative: false
18:38:14.121 [FXGL Background Thread 3 ] DEBUG Engine               - isExperimentalTiledLargeMap: false
18:38:14.121 [FXGL Background Thread 3 ] DEBUG Engine               - isFileSystemWriteAllowed: true
18:38:14.121 [FXGL Background Thread 3 ] DEBUG Engine               - isFullScreenAllowed: false
18:38:14.121 [FXGL Background Thread 3 ] DEBUG Engine               - isFullScreenFromStart: false
18:38:14.121 [FXGL Background Thread 3 ] DEBUG Engine               - isGameMenuEnabled: true
18:38:14.121 [FXGL Background Thread 3 ] DEBUG Engine               - isIOS: false
18:38:14.121 [FXGL Background Thread 3 ] DEBUG Engine               - isIntroEnabled: false
18:38:14.121 [FXGL Background Thread 3 ] DEBUG Engine               - isLinux: false
18:38:14.121 [FXGL Background Thread 3 ] DEBUG Engine               - isMac: false
18:38:14.121 [FXGL Background Thread 3 ] DEBUG Engine               - isMainMenuEnabled: false
18:38:14.121 [FXGL Background Thread 3 ] DEBUG Engine               - isManualResizeEnabled: false
18:38:14.121 [FXGL Background Thread 3 ] DEBUG Engine               - isMobile: false
18:38:14.121 [FXGL Background Thread 3 ] DEBUG Engine               - isPreserveResizeRatio: false
18:38:14.121 [FXGL Background Thread 3 ] DEBUG Engine               - isProfilingEnabled: false
18:38:14.121 [FXGL Background Thread 3 ] DEBUG Engine               - isSingleStep: false
18:38:14.121 [FXGL Background Thread 3 ] DEBUG Engine               - isUserProfileEnabled: false
18:38:14.121 [FXGL Background Thread 3 ] DEBUG Engine               - isWindows: true
18:38:14.121 [FXGL Background Thread 3 ] DEBUG Engine               - language: ObjectProperty [value: ENGLISH]
18:38:14.122 [FXGL Background Thread 3 ] DEBUG Engine               - menuKey: ESCAPE
18:38:14.122 [FXGL Background Thread 3 ] DEBUG Engine               - notificationViewClass: class com.almasb.fxgl.notification.view.XboxNotificationView
18:38:14.122 [FXGL Background Thread 3 ] DEBUG Engine               - pixelsPerMeter: 50.0
18:38:14.122 [FXGL Background Thread 3 ] DEBUG Engine               - platform: WINDOWS
18:38:14.122 [FXGL Background Thread 3 ] DEBUG Engine               - profileDir: profiles/
18:38:14.122 [FXGL Background Thread 3 ] DEBUG Engine               - profileName: StringProperty [value: DEFAULT]
18:38:14.122 [FXGL Background Thread 3 ] DEBUG Engine               - randomSeed: -1
18:38:14.122 [FXGL Background Thread 3 ] DEBUG Engine               - runtimeInfo: RuntimeInfo(platform=WINDOWS, version=11.11, build=08.09.2020 18.00)
18:38:14.122 [FXGL Background Thread 3 ] DEBUG Engine               - saveFileExt: sav
18:38:14.122 [FXGL Background Thread 3 ] DEBUG Engine               - sceneFactory: com.almasb.fxgl.app.scene.SceneFactory@b474758
18:38:14.122 [FXGL Background Thread 3 ] DEBUG Engine               - secondsIn24h: 60
18:38:14.122 [FXGL Background Thread 3 ] DEBUG Engine               - soundMenuBack: menu/back.wav
18:38:14.122 [FXGL Background Thread 3 ] DEBUG Engine               - soundMenuPress: menu/press.wav
18:38:14.123 [FXGL Background Thread 3 ] DEBUG Engine               - soundMenuSelect: menu/select.wav
18:38:14.123 [FXGL Background Thread 3 ] DEBUG Engine               - soundNotification: core/notification.wav
18:38:14.123 [FXGL Background Thread 3 ] DEBUG Engine               - stageStyle: DECORATED
18:38:14.123 [FXGL Background Thread 3 ] DEBUG Engine               - supportedLanguages: [ENGLISH, FRENCH, GERMAN, HUNGARIAN, RUSSIAN]
18:38:14.123 [FXGL Background Thread 3 ] DEBUG Engine               - title: Pong
18:38:14.123 [FXGL Background Thread 3 ] DEBUG Engine               - urlGithub: https://github.com/AlmasB/FXGL
18:38:14.123 [FXGL Background Thread 3 ] DEBUG Engine               - urlLeaderboard: http://fxgl-top.herokuapp.com/
18:38:14.123 [FXGL Background Thread 3 ] DEBUG Engine               - urlPOM: https://raw.githubusercontent.com/AlmasB/FXGL/master/pom.xml
18:38:14.123 [FXGL Background Thread 3 ] DEBUG Engine               - version: 1.0
18:38:14.123 [FXGL Background Thread 3 ] DEBUG Engine               - versionCheckDays: 7
18:38:14.123 [FXGL Background Thread 3 ] DEBUG Engine               - width: 800
18:38:14.123 [FXGL Background Thread 3 ] DEBUG Engine               - Logging services
18:38:14.123 [FXGL Background Thread 3 ] DEBUG Engine               - class com.almasb.fxgl.app.FXGLApplication$GameApplicationService
18:38:14.123 [FXGL Background Thread 3 ] DEBUG Engine               - class com.almasb.fxgl.app.services.FXGLDialogService
18:38:14.123 [FXGL Background Thread 3 ] DEBUG Engine               - class com.almasb.fxgl.app.services.IOTaskExecutorService
18:38:14.123 [FXGL Background Thread 3 ] DEBUG Engine               - class com.almasb.fxgl.event.EventBusService
18:38:14.123 [FXGL Background Thread 3 ] DEBUG Engine               - class com.almasb.fxgl.io.FileSystemService
18:38:14.123 [FXGL Background Thread 3 ] DEBUG Engine               - class com.almasb.fxgl.localization.LocalizationService
18:38:14.123 [FXGL Background Thread 3 ] DEBUG Engine               - class com.almasb.fxgl.app.services.FXGLAssetLoaderService
18:38:14.123 [FXGL Background Thread 3 ] DEBUG Engine               - class com.almasb.fxgl.app.services.SystemBundleService
18:38:14.123 [FXGL Background Thread 3 ] DEBUG Engine               - class com.almasb.fxgl.profile.SaveLoadService
18:38:14.123 [FXGL Background Thread 3 ] DEBUG Engine               - class com.almasb.fxgl.ui.FXGLUIFactoryServiceProvider
18:38:14.123 [FXGL Background Thread 3 ] DEBUG Engine               - class com.almasb.fxgl.ui.FXGLDialogFactoryServiceProvider
18:38:14.124 [FXGL Background Thread 3 ] DEBUG Engine               - class com.almasb.fxgl.audio.AudioPlayer
18:38:14.124 [FXGL Background Thread 3 ] DEBUG Engine               - class com.almasb.fxgl.notification.impl.NotificationServiceProvider
18:38:14.124 [FXGL Background Thread 3 ] DEBUG Engine               - class com.almasb.fxgl.achievement.AchievementService
18:38:14.124 [FXGL Background Thread 3 ] DEBUG Engine               - class com.almasb.fxgl.cutscene.CutsceneService
18:38:14.124 [FXGL Background Thread 3 ] DEBUG Engine               - class com.almasb.fxgl.minigames.MiniGameService
18:38:14.124 [FXGL Background Thread 3 ] DEBUG Engine               - class com.almasb.fxgl.net.NetService
18:38:14.124 [FXGL Background Thread 3 ] DEBUG Engine               - class com.almasb.fxgl.app.services.UpdaterService
18:38:14.124 [FXGL Background Thread 3 ] DEBUG Engine               - class com.almasb.fxgl.dev.DevService
18:38:23.799 [Thread-4                 ] DEBUG Endpoint             - TCPServer opening new connection (1) from /127.0.0.1:55188 type: class java.lang.String
18:38:23.801 [Thread-4                 ] DEBUG Endpoint             - TCPServer successfully opened connection (1)
18:38:23.801 [TCPServer_SendThread-1   ] DEBUG Writers              - Getting TCPMessageWriter for class java.lang.String
18:38:23.802 [TCPServer_RecvThread-1   ] DEBUG Readers              - Getting TCPMessageReader for class java.lang.String
18:38:23.803 [TCPServer_SendThread-1   ] DEBUG Writers              - Constructed TCPMessageWriter for class java.lang.String: MessageWriterS
18:38:23.803 [TCPServer_RecvThread-1   ] DEBUG Readers              - Constructed MessageReader for class java.lang.String: MessageReaderS
18:38:27.790 [JavaFX Application Thread] DEBUG Input                - Mocking key press: S
18:38:27.878 [JavaFX Application Thread] DEBUG Input                - Mocking key release: S
18:38:28.379 [JavaFX Application Thread] DEBUG Input                - Mocking key press: W
18:38:28.506 [JavaFX Application Thread] DEBUG Input                - Mocking key release: W
18:38:29.061 [JavaFX Application Thread] DEBUG Input                - Mocking key press: S
18:38:29.135 [JavaFX Application Thread] DEBUG Input                - Mocking key release: S
18:38:29.294 [JavaFX Application Thread] DEBUG Input                - Mocking key press: S
18:38:29.564 [JavaFX Application Thread] DEBUG Input                - Mocking key release: S
18:38:29.745 [JavaFX Application Thread] DEBUG Input                - Mocking key press: W
18:38:30.146 [JavaFX Application Thread] DEBUG Input                - Mocking key release: W
18:38:30.736 [JavaFX Application Thread] DEBUG Input                - Mocking key press: S
18:38:30.771 [JavaFX Application Thread] DEBUG Input                - Mocking key release: S
18:38:31.219 [JavaFX Application Thread] DEBUG Input                - Mocking key press: S
18:38:31.271 [JavaFX Application Thread] DEBUG Input                - Mocking key release: S
18:38:31.951 [JavaFX Application Thread] DEBUG Input                - Mocking key press: S
18:38:32.041 [JavaFX Application Thread] DEBUG Input                - Mocking key release: S
18:38:32.383 [JavaFX Application Thread] DEBUG Input                - Mocking key press: S
18:38:32.490 [JavaFX Application Thread] DEBUG Input                - Mocking key release: S
18:38:32.616 [JavaFX Application Thread] DEBUG Input                - Mocking key press: W
18:38:32.724 [JavaFX Application Thread] DEBUG Input                - Mocking key release: W
18:38:32.992 [JavaFX Application Thread] DEBUG Input                - Mocking key press: S
18:38:33.144 [JavaFX Application Thread] DEBUG Input                - Mocking key release: S
18:38:33.808 [JavaFX Application Thread] DEBUG Input                - Mocking key press: W
18:38:33.842 [JavaFX Application Thread] DEBUG Input                - Mocking key release: W
18:38:34.325 [JavaFX Application Thread] DEBUG Input                - Mocking key press: W
18:38:34.344 [JavaFX Application Thread] DEBUG Input                - Mocking key release: W
18:38:34.649 [JavaFX Application Thread] DEBUG Input                - Mocking key press: W
18:38:34.667 [JavaFX Application Thread] DEBUG Input                - Mocking key release: W
18:38:34.865 [JavaFX Application Thread] DEBUG Input                - Mocking key press: W
18:38:34.917 [JavaFX Application Thread] DEBUG Input                - Mocking key release: W
18:38:40.655 [Thread-4                 ] DEBUG Endpoint             - TCPServer opening new connection (2) from /127.0.0.1:55229 type: class java.lang.String
18:38:40.655 [Thread-4                 ] DEBUG Endpoint             - TCPServer successfully opened connection (2)
18:38:40.655 [TCPServer_SendThread-2   ] DEBUG Writers              - Getting TCPMessageWriter for class java.lang.String
18:38:40.655 [TCPServer_SendThread-2   ] DEBUG Writers              - Constructed TCPMessageWriter for class java.lang.String: MessageWriterS
18:38:40.655 [TCPServer_RecvThread-2   ] DEBUG Readers              - Getting TCPMessageReader for class java.lang.String
18:38:40.655 [TCPServer_RecvThread-2   ] DEBUG Readers              - Constructed MessageReader for class java.lang.String: MessageReaderS
18:38:50.416 [JavaFX Application Thread] DEBUG Input                - Mocking key press: W
18:38:50.504 [JavaFX Application Thread] DEBUG Input                - Mocking key release: W
18:38:51.307 [JavaFX Application Thread] DEBUG Input                - Mocking key press: W
18:38:51.360 [JavaFX Application Thread] DEBUG Input                - Mocking key release: W
18:38:51.736 [JavaFX Application Thread] DEBUG Input                - Mocking key press: S
18:38:51.808 [JavaFX Application Thread] DEBUG Input                - Mocking key release: S
18:38:52.861 [JavaFX Application Thread] DEBUG Input                - Mocking key press: W
18:38:52.897 [JavaFX Application Thread] DEBUG Input                - Mocking key release: W
18:38:54.281 [JavaFX Application Thread] DEBUG Input                - Mocking key press: I
18:38:54.353 [JavaFX Application Thread] DEBUG Input                - Mocking key release: I
18:38:54.708 [JavaFX Application Thread] DEBUG Input                - Mocking key press: I
18:38:54.746 [JavaFX Application Thread] DEBUG Input                - Mocking key release: I
18:38:56.420 [JavaFX Application Thread] DEBUG Input                - Mocking key press: I
18:38:56.474 [JavaFX Application Thread] DEBUG Input                - Mocking key release: I
18:38:57.064 [JavaFX Application Thread] DEBUG Input                - Mocking key press: I
18:38:57.082 [JavaFX Application Thread] DEBUG Input                - Mocking key release: I
18:38:57.408 [JavaFX Application Thread] DEBUG Input                - Mocking key press: K
18:38:57.479 [JavaFX Application Thread] DEBUG Input                - Mocking key release: K
18:38:58.055 [JavaFX Application Thread] DEBUG Input                - Mocking key press: K
18:38:58.126 [JavaFX Application Thread] DEBUG Input                - Mocking key release: K
18:38:58.269 [JavaFX Application Thread] DEBUG Input                - Mocking key press: I
18:38:58.342 [JavaFX Application Thread] DEBUG Input                - Mocking key release: I
18:38:59.155 [JavaFX Application Thread] DEBUG Input                - Mocking key press: K
18:38:59.297 [JavaFX Application Thread] DEBUG Input                - Mocking key release: K
18:38:59.387 [JavaFX Application Thread] DEBUG Input                - Mocking key press: I
18:38:59.548 [JavaFX Application Thread] DEBUG Input                - Mocking key release: I
18:39:04.189 [JavaFX Application Thread] DEBUG FXGLApplication      - Exiting FXGL
18:39:04.190 [JavaFX Application Thread] DEBUG LoopRunner           - Stopping loop
18:39:04.190 [JavaFX Application Thread] DEBUG SystemBundleService  - Saving FXGL system data
18:39:04.191 [JavaFX Application Thread] DEBUG FileSystemAccess     - Writing to: C:\Users\danie\Downloads\SDLMultiplayerProject-main\CI628-PongServer-master\system\fxgl.bundle
18:39:04.193 [JavaFX Application Thread] DEBUG Async                - Shutting down background threads
18:39:04.193 [JavaFX Application Thread] DEBUG MainWindow           - Closing main window
18:39:04.209 [JavaFX Application Thread] DEBUG Logger               - Closing Logger
