18:05:56.677 [main                     ] DEBUG Logger               - Configured Logger
18:05:56.681 [main                     ] DEBUG GameApplication      - Logging settings
Title: Pong
Version: 1.0
Width: 800
Height: 600
Fullscreen: false
Intro: false
Profiling: false
Single step:false
App Mode: DEBUG
Menu Key: ESCAPE
Stage Style: DECORATED
Scene Factory: class com.almasb.fxgl.app.scene.SceneFactory

18:05:56.956 [JavaFX Application Thread] DEBUG FXGLApplication      - Initializing FXGL
18:05:56.958 [JavaFX Application Thread] INFO  Engine               - FXGL-11.11 (08.09.2020 18.00) on WINDOWS (J:23 FX:14)
18:05:56.958 [JavaFX Application Thread] DEBUG Engine               - JRE Vendor Name: Oracle Corporation
18:05:56.958 [JavaFX Application Thread] DEBUG Engine               - Running on OS: Windows 11 version 10.0
18:05:56.959 [JavaFX Application Thread] DEBUG Engine               - Architecture: amd64
18:05:56.959 [JavaFX Application Thread] INFO  Engine               - Source code and latest versions at: https://github.com/AlmasB/FXGL
18:05:56.959 [JavaFX Application Thread] INFO  Engine               -              Join the FXGL chat at: https://gitter.im/AlmasB/FXGL
18:05:57.023 [JavaFX Application Thread] DEBUG MainWindow           - Creating a JavaFX scene
18:05:57.054 [JavaFX Application Thread] DEBUG MainWindow           - Target settings size: 800.0 x 600.0
18:05:57.054 [JavaFX Application Thread] DEBUG MainWindow           - Scaled scene size:    800.0 x 600.0
18:05:57.054 [JavaFX Application Thread] DEBUG MainWindow           - Scaled ratio: (1.0, 1.0)
18:05:57.055 [JavaFX Application Thread] DEBUG MainWindow           - Set initial scene to StartupScene
18:05:57.058 [JavaFX Application Thread] DEBUG MainWindow           - Opening main window
18:05:57.122 [JavaFX Application Thread] DEBUG MainWindow           - Window border size: (16.0, 39.0)
18:05:57.122 [JavaFX Application Thread] DEBUG MainWindow           - Scaled size: 800.0 x 600.0
18:05:57.122 [JavaFX Application Thread] DEBUG MainWindow           - Scaled ratio: (1.0, 1.0)
18:05:57.122 [JavaFX Application Thread] DEBUG MainWindow           - Scene size: 800.0 x 600.0
18:05:57.122 [JavaFX Application Thread] DEBUG MainWindow           - Stage size: 816.0 x 639.0
18:05:57.125 [FXGL Background Thread 1 ] DEBUG Engine               - Initializing environment variables
18:05:57.163 [FXGL Background Thread 1 ] DEBUG GameApplicationServi - Applying CSS: fxgl_dark.css
18:05:57.164 [FXGL Background Thread 1 ] DEBUG FXGLAssetLoaderServi - Loading from file system: /assets/ui/css/fxgl_dark.css
18:05:57.192 [FXGL Background Thread 1 ] DEBUG GameApplicationServi - Initializing application scenes
18:05:57.226 [FXGL Background Thread 1 ] DEBUG GameWorld            - Game world initialized
18:05:57.268 [FXGL Background Thread 1 ] DEBUG PhysicsWorld         - Physics world initialized: appHeight=600, physics.ppm=50.0
18:05:57.270 [FXGL Background Thread 1 ] DEBUG GameScene            - Game scene initialized: 800x600
18:05:57.285 [FXGL Background Thread 1 ] DEBUG FXGLAssetLoaderServi - Loading from file system: /assets/textures/particles/trace_horizontal.png
18:05:57.309 [FXGL Background Thread 1 ] DEBUG FXGL.DefaultMenu     - createMenuBodyGameMenu()
18:05:57.316 [FXGL Background Thread 1 ] DEBUG FXGL.DefaultMenu     - createOptionsMenu()
18:05:57.319 [FXGL Background Thread 1 ] DEBUG FXGLAssetLoaderServi - Loading from file system: /assets/textures/particles/smoke.png
18:05:57.348 [FXGL Background Thread 1 ] DEBUG GameApplicationServi - Application scenes initialized
18:05:57.362 [FXGL Background Thread 1 ] DEBUG SystemBundleService  - Loading FXGL system data
18:05:57.368 [FXGL Background Thread 1 ] DEBUG FileSystemAccess     - Reading from: C:\Users\danie\Downloads\SDLMultiplayerProject-main\CI628-PongServer-master\system\fxgl.bundle
18:05:57.373 [FXGL Background Thread 1 ] DEBUG SystemBundleService  - Bundle FXGL: {}
18:05:57.373 [FXGL Background Thread 1 ] DEBUG UpdaterService       - Checking for updates
18:05:57.375 [FXGL Background Thread 4 ] DEBUG FXGLApplication      - Loading fonts
18:05:57.375 [FXGL Background Thread 4 ] DEBUG FXGLAssetLoaderServi - Loading from file system: /assets/ui/fonts/pong.ttf
18:05:57.376 [FXGL Background Thread 1 ] DEBUG FXGLApplication      - Loading default localization
18:05:57.376 [FXGL Background Thread 1 ] DEBUG FXGLAssetLoaderServi - Loading from file system: /assets/languages/english.lang
18:05:57.400 [FXGL Background Thread 1 ] INFO  FXGLApplication      - FXGL initialization took: 0.274 sec
18:05:57.401 [JavaFX Application Thread] DEBUG FXGLAssetLoaderServi - Loading from file system: /assets/textures/fxgl_icon.png
18:05:57.403 [FXGL Background Thread 4 ] DEBUG FXGLAssetLoaderServi - Loading from file system: /assets/ui/fonts/Abel-Regular.ttf
18:05:57.410 [FXGL Background Thread 4 ] DEBUG FXGLAssetLoaderServi - Loading from file system: /assets/ui/fonts/lucida_console.ttf
18:05:57.415 [JavaFX Application Thread] DEBUG FXGLAssetLoaderServi - Loading from file system: /assets/ui/cursors/fxgl_default.png
18:05:57.417 [FXGL Background Thread 4 ] DEBUG FXGLAssetLoaderServi - Loading from file system: /assets/ui/fonts/Courier-Prime.ttf
18:05:57.420 [JavaFX Application Thread] DEBUG Input                - Registered new binding: Screenshot - P
18:05:57.421 [JavaFX Application Thread] DEBUG Input                - Registered new binding: System info dump - CTRL+9
18:05:57.421 [JavaFX Application Thread] DEBUG Input                - Registered new binding: Restart - CTRL+R
18:05:57.421 [JavaFX Application Thread] DEBUG Input                - Registered new binding: Toggle Debug Camera - CTRL+C
18:05:57.424 [JavaFX Application Thread] DEBUG LoopRunner           - Starting loop
18:05:57.425 [JavaFX Application Thread] DEBUG GameApplicationServi - Starting new game
18:05:57.425 [JavaFX Application Thread] DEBUG Input                - Clearing active input actions
18:05:57.435 [JavaFX Application Thread] DEBUG GameApplicationServi - Removing overlay from StartupScene and adding to FXGLLoadingScene
18:05:57.436 [JavaFX Application Thread] DEBUG MainWindow           - StartupScene -> FXGLLoadingScene
18:05:57.436 [JavaFX Application Thread] DEBUG GameApplicationServi - Clearing previous game
18:05:57.436 [JavaFX Application Thread] DEBUG GameScene            - Clearing game scene
18:05:57.436 [JavaFX Application Thread] DEBUG GameWorld            - Clearing game world
18:05:57.436 [JavaFX Application Thread] DEBUG PhysicsWorld         - Clearing physics world
18:05:57.438 [FXGL Background Thread 4 ] DEBUG FXGLApplication      - Initializing game
18:05:57.438 [JavaFX Application Thread] DEBUG FXGLApplication      - Registering font factories with UI factory
18:05:57.490 [FXGL Background Thread 4 ] DEBUG FXGLAssetLoaderServi - Loading from file system: /assets/ui/main.fxml
18:05:57.492 [Thread-4                 ] DEBUG TCPServer            - Starting to listen at: 55555 type: class java.lang.String
18:05:57.551 [FXGL Background Thread 4 ] INFO  FXGLApplication      - Game initialization took: 0.113 sec
18:05:57.551 [JavaFX Application Thread] DEBUG Input                - Clearing active input actions
18:05:57.563 [JavaFX Application Thread] DEBUG GameApplicationServi - Removing overlay from FXGLLoadingScene and adding to GameScene
18:05:57.564 [JavaFX Application Thread] DEBUG MainWindow           - FXGLLoadingScene -> GameScene
18:05:57.880 [FXGL Background Thread 2 ] INFO  UpdaterService       - Your current version:  11.11
18:05:57.880 [FXGL Background Thread 2 ] INFO  UpdaterService       - Latest stable version: 21+dev-SNAPSHOT
18:06:00.374 [FXGL Background Thread 3 ] DEBUG Engine               - Logging environment variables
18:06:00.374 [FXGL Background Thread 3 ] DEBUG Engine               - achievements: []
18:06:00.374 [FXGL Background Thread 3 ] DEBUG Engine               - appIcon: fxgl_icon.png
18:06:00.374 [FXGL Background Thread 3 ] DEBUG Engine               - applicationMode: DEBUG
18:06:00.374 [FXGL Background Thread 3 ] DEBUG Engine               - cSSList: [fxgl_dark.css]
18:06:00.374 [FXGL Background Thread 3 ] DEBUG Engine               - configClass: Optional.empty
18:06:00.374 [FXGL Background Thread 3 ] DEBUG Engine               - credits: []
18:06:00.374 [FXGL Background Thread 3 ] DEBUG Engine               - devBBoxColorProperty: ObjectProperty [value: 0xff0000ff]
18:06:00.374 [FXGL Background Thread 3 ] DEBUG Engine               - devEnableDebugCameraProperty: BooleanProperty [value: false]
18:06:00.374 [FXGL Background Thread 3 ] DEBUG Engine               - devSensorColorProperty: ObjectProperty [value: 0xffff00ff]
18:06:00.374 [FXGL Background Thread 3 ] DEBUG Engine               - devShowBBoxProperty: BooleanProperty [value: false]
18:06:00.374 [FXGL Background Thread 3 ] DEBUG Engine               - devShowPositionProperty: BooleanProperty [value: false]
18:06:00.374 [FXGL Background Thread 3 ] DEBUG Engine               - enabledMenuItems: []
18:06:00.374 [FXGL Background Thread 3 ] DEBUG Engine               - engineServices: [class com.almasb.fxgl.app.FXGLApplication$GameApplicationService, class com.almasb.fxgl.app.services.FXGLDialogService, class com.almasb.fxgl.app.services.IOTaskExecutorService, class com.almasb.fxgl.event.EventBusService, class com.almasb.fxgl.io.FileSystemService, class com.almasb.fxgl.localization.LocalizationService, class com.almasb.fxgl.app.services.FXGLAssetLoaderService, class com.almasb.fxgl.app.services.SystemBundleService, class com.almasb.fxgl.profile.SaveLoadService, class com.almasb.fxgl.ui.FXGLUIFactoryServiceProvider, class com.almasb.fxgl.ui.FXGLDialogFactoryServiceProvider, class com.almasb.fxgl.audio.AudioPlayer, class com.almasb.fxgl.notification.impl.NotificationServiceProvider, class com.almasb.fxgl.achievement.AchievementService, class com.almasb.fxgl.cutscene.CutsceneService, class com.almasb.fxgl.minigames.MiniGameService, class com.almasb.fxgl.net.NetService, class com.almasb.fxgl.app.services.UpdaterService, class com.almasb.fxgl.dev.DevService]
18:06:00.374 [FXGL Background Thread 3 ] DEBUG Engine               - fontGame: Abel-Regular.ttf
18:06:00.374 [FXGL Background Thread 3 ] DEBUG Engine               - fontMono: lucida_console.ttf
18:06:00.374 [FXGL Background Thread 3 ] DEBUG Engine               - fontText: Courier-Prime.ttf
18:06:00.375 [FXGL Background Thread 3 ] DEBUG Engine               - fontUI: pong.ttf
18:06:00.375 [FXGL Background Thread 3 ] DEBUG Engine               - fullScreen: BooleanProperty [value: false]
18:06:00.375 [FXGL Background Thread 3 ] DEBUG Engine               - gameDifficulty: MEDIUM
18:06:00.375 [FXGL Background Thread 3 ] DEBUG Engine               - gameDifficultyProperty: ObjectProperty [value: MEDIUM]
18:06:00.375 [FXGL Background Thread 3 ] DEBUG Engine               - globalMusicVolume: 0.5
18:06:00.375 [FXGL Background Thread 3 ] DEBUG Engine               - globalMusicVolumeProperty: DoubleProperty [value: 0.5]
18:06:00.375 [FXGL Background Thread 3 ] DEBUG Engine               - globalSoundVolume: 0.5
18:06:00.375 [FXGL Background Thread 3 ] DEBUG Engine               - globalSoundVolumeProperty: DoubleProperty [value: 0.5]
18:06:00.375 [FXGL Background Thread 3 ] DEBUG Engine               - height: 600
18:06:00.375 [FXGL Background Thread 3 ] DEBUG Engine               - isAndroid: false
18:06:00.375 [FXGL Background Thread 3 ] DEBUG Engine               - isBrowser: false
18:06:00.375 [FXGL Background Thread 3 ] DEBUG Engine               - isClickFeedbackEnabled: false
18:06:00.375 [FXGL Background Thread 3 ] DEBUG Engine               - isCloseConfirmation: false
18:06:00.375 [FXGL Background Thread 3 ] DEBUG Engine               - isDesktop: true
18:06:00.375 [FXGL Background Thread 3 ] DEBUG Engine               - isDeveloperMenuEnabled: false
18:06:00.375 [FXGL Background Thread 3 ] DEBUG Engine               - isEntityPreloadEnabled: true
18:06:00.375 [FXGL Background Thread 3 ] DEBUG Engine               - isExperimentalNative: false
18:06:00.375 [FXGL Background Thread 3 ] DEBUG Engine               - isExperimentalTiledLargeMap: false
18:06:00.375 [FXGL Background Thread 3 ] DEBUG Engine               - isFileSystemWriteAllowed: true
18:06:00.375 [FXGL Background Thread 3 ] DEBUG Engine               - isFullScreenAllowed: false
18:06:00.375 [FXGL Background Thread 3 ] DEBUG Engine               - isFullScreenFromStart: false
18:06:00.375 [FXGL Background Thread 3 ] DEBUG Engine               - isGameMenuEnabled: true
18:06:00.375 [FXGL Background Thread 3 ] DEBUG Engine               - isIOS: false
18:06:00.375 [FXGL Background Thread 3 ] DEBUG Engine               - isIntroEnabled: false
18:06:00.375 [FXGL Background Thread 3 ] DEBUG Engine               - isLinux: false
18:06:00.375 [FXGL Background Thread 3 ] DEBUG Engine               - isMac: false
18:06:00.375 [FXGL Background Thread 3 ] DEBUG Engine               - isMainMenuEnabled: false
18:06:00.375 [FXGL Background Thread 3 ] DEBUG Engine               - isManualResizeEnabled: false
18:06:00.375 [FXGL Background Thread 3 ] DEBUG Engine               - isMobile: false
18:06:00.376 [FXGL Background Thread 3 ] DEBUG Engine               - isPreserveResizeRatio: false
18:06:00.376 [FXGL Background Thread 3 ] DEBUG Engine               - isProfilingEnabled: false
18:06:00.376 [FXGL Background Thread 3 ] DEBUG Engine               - isSingleStep: false
18:06:00.376 [FXGL Background Thread 3 ] DEBUG Engine               - isUserProfileEnabled: false
18:06:00.376 [FXGL Background Thread 3 ] DEBUG Engine               - isWindows: true
18:06:00.376 [FXGL Background Thread 3 ] DEBUG Engine               - language: ObjectProperty [value: ENGLISH]
18:06:00.376 [FXGL Background Thread 3 ] DEBUG Engine               - menuKey: ESCAPE
18:06:00.376 [FXGL Background Thread 3 ] DEBUG Engine               - notificationViewClass: class com.almasb.fxgl.notification.view.XboxNotificationView
18:06:00.376 [FXGL Background Thread 3 ] DEBUG Engine               - pixelsPerMeter: 50.0
18:06:00.376 [FXGL Background Thread 3 ] DEBUG Engine               - platform: WINDOWS
18:06:00.376 [FXGL Background Thread 3 ] DEBUG Engine               - profileDir: profiles/
18:06:00.376 [FXGL Background Thread 3 ] DEBUG Engine               - profileName: StringProperty [value: DEFAULT]
18:06:00.376 [FXGL Background Thread 3 ] DEBUG Engine               - randomSeed: -1
18:06:00.376 [FXGL Background Thread 3 ] DEBUG Engine               - runtimeInfo: RuntimeInfo(platform=WINDOWS, version=11.11, build=08.09.2020 18.00)
18:06:00.376 [FXGL Background Thread 3 ] DEBUG Engine               - saveFileExt: sav
18:06:00.376 [FXGL Background Thread 3 ] DEBUG Engine               - sceneFactory: com.almasb.fxgl.app.scene.SceneFactory@49e7730b
18:06:00.376 [FXGL Background Thread 3 ] DEBUG Engine               - secondsIn24h: 60
18:06:00.376 [FXGL Background Thread 3 ] DEBUG Engine               - soundMenuBack: menu/back.wav
18:06:00.376 [FXGL Background Thread 3 ] DEBUG Engine               - soundMenuPress: menu/press.wav
18:06:00.376 [FXGL Background Thread 3 ] DEBUG Engine               - soundMenuSelect: menu/select.wav
18:06:00.376 [FXGL Background Thread 3 ] DEBUG Engine               - soundNotification: core/notification.wav
18:06:00.377 [FXGL Background Thread 3 ] DEBUG Engine               - stageStyle: DECORATED
18:06:00.377 [FXGL Background Thread 3 ] DEBUG Engine               - supportedLanguages: [ENGLISH, FRENCH, GERMAN, HUNGARIAN, RUSSIAN]
18:06:00.377 [FXGL Background Thread 3 ] DEBUG Engine               - title: Pong
18:06:00.377 [FXGL Background Thread 3 ] DEBUG Engine               - urlGithub: https://github.com/AlmasB/FXGL
18:06:00.377 [FXGL Background Thread 3 ] DEBUG Engine               - urlLeaderboard: http://fxgl-top.herokuapp.com/
18:06:00.377 [FXGL Background Thread 3 ] DEBUG Engine               - urlPOM: https://raw.githubusercontent.com/AlmasB/FXGL/master/pom.xml
18:06:00.377 [FXGL Background Thread 3 ] DEBUG Engine               - version: 1.0
18:06:00.377 [FXGL Background Thread 3 ] DEBUG Engine               - versionCheckDays: 7
18:06:00.377 [FXGL Background Thread 3 ] DEBUG Engine               - width: 800
18:06:00.377 [FXGL Background Thread 3 ] DEBUG Engine               - Logging services
18:06:00.377 [FXGL Background Thread 3 ] DEBUG Engine               - class com.almasb.fxgl.app.FXGLApplication$GameApplicationService
18:06:00.377 [FXGL Background Thread 3 ] DEBUG Engine               - class com.almasb.fxgl.app.services.FXGLDialogService
18:06:00.377 [FXGL Background Thread 3 ] DEBUG Engine               - class com.almasb.fxgl.app.services.IOTaskExecutorService
18:06:00.377 [FXGL Background Thread 3 ] DEBUG Engine               - class com.almasb.fxgl.event.EventBusService
18:06:00.377 [FXGL Background Thread 3 ] DEBUG Engine               - class com.almasb.fxgl.io.FileSystemService
18:06:00.377 [FXGL Background Thread 3 ] DEBUG Engine               - class com.almasb.fxgl.localization.LocalizationService
18:06:00.377 [FXGL Background Thread 3 ] DEBUG Engine               - class com.almasb.fxgl.app.services.FXGLAssetLoaderService
18:06:00.377 [FXGL Background Thread 3 ] DEBUG Engine               - class com.almasb.fxgl.app.services.SystemBundleService
18:06:00.377 [FXGL Background Thread 3 ] DEBUG Engine               - class com.almasb.fxgl.profile.SaveLoadService
18:06:00.377 [FXGL Background Thread 3 ] DEBUG Engine               - class com.almasb.fxgl.ui.FXGLUIFactoryServiceProvider
18:06:00.377 [FXGL Background Thread 3 ] DEBUG Engine               - class com.almasb.fxgl.ui.FXGLDialogFactoryServiceProvider
18:06:00.377 [FXGL Background Thread 3 ] DEBUG Engine               - class com.almasb.fxgl.audio.AudioPlayer
18:06:00.377 [FXGL Background Thread 3 ] DEBUG Engine               - class com.almasb.fxgl.notification.impl.NotificationServiceProvider
18:06:00.377 [FXGL Background Thread 3 ] DEBUG Engine               - class com.almasb.fxgl.achievement.AchievementService
18:06:00.377 [FXGL Background Thread 3 ] DEBUG Engine               - class com.almasb.fxgl.cutscene.CutsceneService
18:06:00.377 [FXGL Background Thread 3 ] DEBUG Engine               - class com.almasb.fxgl.minigames.MiniGameService
18:06:00.377 [FXGL Background Thread 3 ] DEBUG Engine               - class com.almasb.fxgl.net.NetService
18:06:00.378 [FXGL Background Thread 3 ] DEBUG Engine               - class com.almasb.fxgl.app.services.UpdaterService
18:06:00.378 [FXGL Background Thread 3 ] DEBUG Engine               - class com.almasb.fxgl.dev.DevService
18:06:05.101 [Thread-4                 ] DEBUG Endpoint             - TCPServer opening new connection (1) from /127.0.0.1:51208 type: class java.lang.String
18:06:05.101 [Thread-4                 ] DEBUG Endpoint             - TCPServer successfully opened connection (1)
18:06:05.102 [TCPServer_SendThread-1   ] DEBUG Writers              - Getting TCPMessageWriter for class java.lang.String
18:06:05.102 [TCPServer_RecvThread-1   ] DEBUG Readers              - Getting TCPMessageReader for class java.lang.String
18:06:05.104 [TCPServer_SendThread-1   ] DEBUG Writers              - Constructed TCPMessageWriter for class java.lang.String: MessageWriterS
18:06:05.109 [TCPServer_RecvThread-1   ] DEBUG Readers              - Constructed MessageReader for class java.lang.String: MessageReaderS
18:06:07.124 [JavaFX Application Thread] DEBUG Input                - Mocking key press: W
18:06:07.591 [JavaFX Application Thread] DEBUG Input                - Mocking key release: W
18:06:07.662 [JavaFX Application Thread] DEBUG Input                - Mocking key press: S
18:06:07.772 [JavaFX Application Thread] DEBUG Input                - Mocking key release: S
18:06:07.932 [JavaFX Application Thread] DEBUG Input                - Mocking key press: S
18:06:08.076 [JavaFX Application Thread] DEBUG Input                - Mocking key press: W
18:06:08.095 [JavaFX Application Thread] DEBUG Input                - Mocking key release: S
18:06:08.219 [JavaFX Application Thread] DEBUG Input                - Mocking key press: S
18:06:08.237 [JavaFX Application Thread] DEBUG Input                - Mocking key release: W
18:06:08.307 [JavaFX Application Thread] DEBUG Input                - Mocking key press: W
18:06:08.326 [JavaFX Application Thread] DEBUG Input                - Mocking key release: S
18:06:08.467 [JavaFX Application Thread] DEBUG Input                - Mocking key press: S
18:06:08.467 [JavaFX Application Thread] DEBUG Input                - Mocking key release: W
18:06:08.556 [JavaFX Application Thread] DEBUG Input                - Mocking key press: W
18:06:08.575 [JavaFX Application Thread] DEBUG Input                - Mocking key release: S
18:06:08.719 [JavaFX Application Thread] DEBUG Input                - Mocking key press: S
18:06:08.737 [JavaFX Application Thread] DEBUG Input                - Mocking key release: W
18:06:08.846 [JavaFX Application Thread] DEBUG Input                - Mocking key press: W
18:06:08.863 [JavaFX Application Thread] DEBUG Input                - Mocking key release: S
18:06:08.988 [JavaFX Application Thread] DEBUG Input                - Mocking key press: S
18:06:08.988 [JavaFX Application Thread] DEBUG Input                - Mocking key release: W
18:06:09.098 [JavaFX Application Thread] DEBUG Input                - Mocking key press: W
18:06:09.116 [JavaFX Application Thread] DEBUG Input                - Mocking key release: S
18:06:09.222 [JavaFX Application Thread] DEBUG Input                - Mocking key press: S
18:06:09.222 [JavaFX Application Thread] DEBUG Input                - Mocking key release: W
18:06:09.313 [JavaFX Application Thread] DEBUG Input                - Mocking key press: W
18:06:09.350 [JavaFX Application Thread] DEBUG Input                - Mocking key release: S
18:06:09.458 [JavaFX Application Thread] DEBUG Input                - Mocking key press: S
18:06:09.458 [JavaFX Application Thread] DEBUG Input                - Mocking key release: W
18:06:09.546 [JavaFX Application Thread] DEBUG Input                - Mocking key press: W
18:06:09.584 [JavaFX Application Thread] DEBUG Input                - Mocking key release: S
18:06:09.690 [JavaFX Application Thread] DEBUG Input                - Mocking key release: W
18:06:09.690 [JavaFX Application Thread] DEBUG Input                - Mocking key press: S
18:06:09.782 [JavaFX Application Thread] DEBUG Input                - Mocking key press: W
18:06:09.782 [JavaFX Application Thread] DEBUG Input                - Mocking key release: S
18:06:09.907 [JavaFX Application Thread] DEBUG Input                - Mocking key press: S
18:06:09.926 [JavaFX Application Thread] DEBUG Input                - Mocking key release: W
18:06:10.033 [JavaFX Application Thread] DEBUG Input                - Mocking key press: W
18:06:10.052 [JavaFX Application Thread] DEBUG Input                - Mocking key release: S
18:06:10.158 [JavaFX Application Thread] DEBUG Input                - Mocking key press: S
18:06:10.176 [JavaFX Application Thread] DEBUG Input                - Mocking key release: W
18:06:10.284 [JavaFX Application Thread] DEBUG Input                - Mocking key press: W
18:06:10.302 [JavaFX Application Thread] DEBUG Input                - Mocking key release: S
18:06:10.408 [JavaFX Application Thread] DEBUG Input                - Mocking key press: S
18:06:10.408 [JavaFX Application Thread] DEBUG Input                - Mocking key release: W
18:06:10.500 [JavaFX Application Thread] DEBUG Input                - Mocking key press: W
18:06:10.517 [JavaFX Application Thread] DEBUG Input                - Mocking key release: S
18:06:10.590 [JavaFX Application Thread] DEBUG Input                - Mocking key press: S
18:06:10.608 [JavaFX Application Thread] DEBUG Input                - Mocking key release: W
18:06:10.682 [JavaFX Application Thread] DEBUG Input                - Mocking key press: W
18:06:10.771 [JavaFX Application Thread] DEBUG Input                - Mocking key release: W
18:06:10.863 [JavaFX Application Thread] DEBUG Input                - Mocking key press: W
18:06:10.899 [JavaFX Application Thread] DEBUG Input                - Mocking key release: S
18:06:10.973 [JavaFX Application Thread] DEBUG Input                - Mocking key release: W
18:06:10.973 [JavaFX Application Thread] DEBUG Input                - Mocking key press: S
18:06:11.063 [JavaFX Application Thread] DEBUG Input                - Mocking key press: W
18:06:11.083 [JavaFX Application Thread] DEBUG Input                - Mocking key release: S
18:06:11.157 [JavaFX Application Thread] DEBUG Input                - Mocking key press: S
18:06:11.159 [JavaFX Application Thread] DEBUG Input                - Mocking key release: W
18:06:11.235 [JavaFX Application Thread] DEBUG Input                - Mocking key press: W
18:06:11.235 [JavaFX Application Thread] DEBUG Input                - Mocking key release: S
18:06:11.318 [JavaFX Application Thread] DEBUG Input                - Mocking key release: W
18:06:11.336 [JavaFX Application Thread] DEBUG Input                - Mocking key press: S
18:06:11.451 [JavaFX Application Thread] DEBUG Input                - Mocking key release: S
18:06:12.371 [JavaFX Application Thread] DEBUG Input                - Mocking key press: W
18:06:12.512 [JavaFX Application Thread] DEBUG Input                - Mocking key release: W
18:06:12.512 [JavaFX Application Thread] DEBUG Input                - Mocking key press: S
18:06:12.691 [JavaFX Application Thread] DEBUG Input                - Mocking key press: W
18:06:12.711 [JavaFX Application Thread] DEBUG Input                - Mocking key release: S
18:06:12.854 [JavaFX Application Thread] DEBUG Input                - Mocking key press: S
18:06:12.854 [JavaFX Application Thread] DEBUG Input                - Mocking key release: W
18:06:12.945 [JavaFX Application Thread] DEBUG Input                - Mocking key press: W
18:06:12.962 [JavaFX Application Thread] DEBUG Input                - Mocking key release: S
18:06:13.056 [JavaFX Application Thread] DEBUG Input                - Mocking key release: W
18:07:56.937 [JavaFX Application Thread] DEBUG FXGLApplication      - Exiting FXGL
18:07:56.937 [JavaFX Application Thread] DEBUG LoopRunner           - Stopping loop
18:07:56.937 [JavaFX Application Thread] DEBUG SystemBundleService  - Saving FXGL system data
18:07:56.939 [JavaFX Application Thread] DEBUG FileSystemAccess     - Writing to: C:\Users\danie\Downloads\SDLMultiplayerProject-main\CI628-PongServer-master\system\fxgl.bundle
18:07:56.940 [JavaFX Application Thread] DEBUG Async                - Shutting down background threads
18:07:56.941 [JavaFX Application Thread] DEBUG MainWindow           - Closing main window
18:07:56.956 [JavaFX Application Thread] DEBUG Logger               - Closing Logger
