18:03:47.032 [main                     ] DEBUG Logger               - Configured Logger
18:03:47.034 [main                     ] DEBUG GameApplication      - Logging settings
Title: Pong
Version: 1.0
Width: 800
Height: 600
Fullscreen: false
Intro: false
Profiling: false
Single step:false
App Mode: DEBUG
Menu Key: ESCAPE
Stage Style: DECORATED
Scene Factory: class com.almasb.fxgl.app.scene.SceneFactory

18:03:47.308 [JavaFX Application Thread] DEBUG FXGLApplication      - Initializing FXGL
18:03:47.311 [JavaFX Application Thread] INFO  Engine               - FXGL-11.11 (08.09.2020 18.00) on WINDOWS (J:23 FX:14)
18:03:47.311 [JavaFX Application Thread] DEBUG Engine               - JRE Vendor Name: Oracle Corporation
18:03:47.311 [JavaFX Application Thread] DEBUG Engine               - Running on OS: Windows 11 version 10.0
18:03:47.311 [JavaFX Application Thread] DEBUG Engine               - Architecture: amd64
18:03:47.311 [JavaFX Application Thread] INFO  Engine               - Source code and latest versions at: https://github.com/AlmasB/FXGL
18:03:47.311 [JavaFX Application Thread] INFO  Engine               -              Join the FXGL chat at: https://gitter.im/AlmasB/FXGL
18:03:47.373 [JavaFX Application Thread] DEBUG MainWindow           - Creating a JavaFX scene
18:03:47.406 [JavaFX Application Thread] DEBUG MainWindow           - Target settings size: 800.0 x 600.0
18:03:47.406 [JavaFX Application Thread] DEBUG MainWindow           - Scaled scene size:    800.0 x 600.0
18:03:47.406 [JavaFX Application Thread] DEBUG MainWindow           - Scaled ratio: (1.0, 1.0)
18:03:47.406 [JavaFX Application Thread] DEBUG MainWindow           - Set initial scene to StartupScene
18:03:47.410 [JavaFX Application Thread] DEBUG MainWindow           - Opening main window
18:03:47.477 [JavaFX Application Thread] DEBUG MainWindow           - Window border size: (16.0, 39.0)
18:03:47.477 [JavaFX Application Thread] DEBUG MainWindow           - Scaled size: 800.0 x 600.0
18:03:47.477 [JavaFX Application Thread] DEBUG MainWindow           - Scaled ratio: (1.0, 1.0)
18:03:47.478 [JavaFX Application Thread] DEBUG MainWindow           - Scene size: 800.0 x 600.0
18:03:47.478 [JavaFX Application Thread] DEBUG MainWindow           - Stage size: 816.0 x 639.0
18:03:47.481 [FXGL Background Thread 1 ] DEBUG Engine               - Initializing environment variables
18:03:47.518 [FXGL Background Thread 1 ] DEBUG GameApplicationServi - Applying CSS: fxgl_dark.css
18:03:47.519 [FXGL Background Thread 1 ] DEBUG FXGLAssetLoaderServi - Loading from file system: /assets/ui/css/fxgl_dark.css
18:03:47.540 [FXGL Background Thread 1 ] DEBUG GameApplicationServi - Initializing application scenes
18:03:47.566 [FXGL Background Thread 1 ] DEBUG GameWorld            - Game world initialized
18:03:47.607 [FXGL Background Thread 1 ] DEBUG PhysicsWorld         - Physics world initialized: appHeight=600, physics.ppm=50.0
18:03:47.609 [FXGL Background Thread 1 ] DEBUG GameScene            - Game scene initialized: 800x600
18:03:47.624 [FXGL Background Thread 1 ] DEBUG FXGLAssetLoaderServi - Loading from file system: /assets/textures/particles/trace_horizontal.png
18:03:47.646 [FXGL Background Thread 1 ] DEBUG FXGL.DefaultMenu     - createMenuBodyGameMenu()
18:03:47.654 [FXGL Background Thread 1 ] DEBUG FXGL.DefaultMenu     - createOptionsMenu()
18:03:47.656 [FXGL Background Thread 1 ] DEBUG FXGLAssetLoaderServi - Loading from file system: /assets/textures/particles/smoke.png
18:03:47.689 [FXGL Background Thread 1 ] DEBUG GameApplicationServi - Application scenes initialized
18:03:47.705 [FXGL Background Thread 1 ] DEBUG SystemBundleService  - Loading FXGL system data
18:03:47.712 [FXGL Background Thread 1 ] DEBUG FileSystemAccess     - Reading from: C:\Users\danie\Downloads\SDLMultiplayerProject-main\CI628-PongServer-master\system\fxgl.bundle
18:03:47.717 [FXGL Background Thread 1 ] DEBUG SystemBundleService  - Bundle FXGL: {}
18:03:47.717 [FXGL Background Thread 1 ] DEBUG UpdaterService       - Checking for updates
18:03:47.719 [FXGL Background Thread 4 ] DEBUG FXGLApplication      - Loading fonts
18:03:47.720 [FXGL Background Thread 4 ] DEBUG FXGLAssetLoaderServi - Loading from file system: /assets/ui/fonts/pong.ttf
18:03:47.720 [FXGL Background Thread 1 ] DEBUG FXGLApplication      - Loading default localization
18:03:47.720 [FXGL Background Thread 1 ] DEBUG FXGLAssetLoaderServi - Loading from file system: /assets/languages/english.lang
18:03:47.742 [FXGL Background Thread 1 ] INFO  FXGLApplication      - FXGL initialization took: 0.260 sec
18:03:47.743 [JavaFX Application Thread] DEBUG FXGLAssetLoaderServi - Loading from file system: /assets/textures/fxgl_icon.png
18:03:47.748 [FXGL Background Thread 4 ] DEBUG FXGLAssetLoaderServi - Loading from file system: /assets/ui/fonts/Abel-Regular.ttf
18:03:47.756 [FXGL Background Thread 4 ] DEBUG FXGLAssetLoaderServi - Loading from file system: /assets/ui/fonts/lucida_console.ttf
18:03:47.760 [JavaFX Application Thread] DEBUG FXGLAssetLoaderServi - Loading from file system: /assets/ui/cursors/fxgl_default.png
18:03:47.764 [FXGL Background Thread 4 ] DEBUG FXGLAssetLoaderServi - Loading from file system: /assets/ui/fonts/Courier-Prime.ttf
18:03:47.771 [JavaFX Application Thread] DEBUG Input                - Registered new binding: Screenshot - P
18:03:47.772 [JavaFX Application Thread] DEBUG Input                - Registered new binding: System info dump - CTRL+9
18:03:47.772 [JavaFX Application Thread] DEBUG Input                - Registered new binding: Restart - CTRL+R
18:03:47.773 [JavaFX Application Thread] DEBUG Input                - Registered new binding: Toggle Debug Camera - CTRL+C
18:03:47.777 [JavaFX Application Thread] DEBUG LoopRunner           - Starting loop
18:03:47.778 [JavaFX Application Thread] DEBUG GameApplicationServi - Starting new game
18:03:47.779 [JavaFX Application Thread] DEBUG Input                - Clearing active input actions
18:03:47.789 [JavaFX Application Thread] DEBUG GameApplicationServi - Removing overlay from StartupScene and adding to FXGLLoadingScene
18:03:47.789 [JavaFX Application Thread] DEBUG MainWindow           - StartupScene -> FXGLLoadingScene
18:03:47.789 [JavaFX Application Thread] DEBUG GameApplicationServi - Clearing previous game
18:03:47.790 [JavaFX Application Thread] DEBUG GameScene            - Clearing game scene
18:03:47.790 [JavaFX Application Thread] DEBUG GameWorld            - Clearing game world
18:03:47.790 [JavaFX Application Thread] DEBUG PhysicsWorld         - Clearing physics world
18:03:47.792 [FXGL Background Thread 4 ] DEBUG FXGLApplication      - Initializing game
18:03:47.793 [JavaFX Application Thread] DEBUG FXGLApplication      - Registering font factories with UI factory
18:03:47.842 [FXGL Background Thread 4 ] DEBUG FXGLAssetLoaderServi - Loading from file system: /assets/ui/main.fxml
18:03:47.843 [Thread-4                 ] DEBUG TCPServer            - Starting to listen at: 55555 type: class java.lang.String
18:03:47.907 [FXGL Background Thread 4 ] INFO  FXGLApplication      - Game initialization took: 0.115 sec
18:03:47.907 [JavaFX Application Thread] DEBUG Input                - Clearing active input actions
18:03:47.916 [JavaFX Application Thread] DEBUG GameApplicationServi - Removing overlay from FXGLLoadingScene and adding to GameScene
18:03:47.916 [JavaFX Application Thread] DEBUG MainWindow           - FXGLLoadingScene -> GameScene
18:03:48.149 [FXGL Background Thread 2 ] INFO  UpdaterService       - Your current version:  11.11
18:03:48.149 [FXGL Background Thread 2 ] INFO  UpdaterService       - Latest stable version: 21+dev-SNAPSHOT
18:03:50.719 [FXGL Background Thread 3 ] DEBUG Engine               - Logging environment variables
18:03:50.719 [FXGL Background Thread 3 ] DEBUG Engine               - achievements: []
18:03:50.719 [FXGL Background Thread 3 ] DEBUG Engine               - appIcon: fxgl_icon.png
18:03:50.719 [FXGL Background Thread 3 ] DEBUG Engine               - applicationMode: DEBUG
18:03:50.719 [FXGL Background Thread 3 ] DEBUG Engine               - cSSList: [fxgl_dark.css]
18:03:50.719 [FXGL Background Thread 3 ] DEBUG Engine               - configClass: Optional.empty
18:03:50.719 [FXGL Background Thread 3 ] DEBUG Engine               - credits: []
18:03:50.719 [FXGL Background Thread 3 ] DEBUG Engine               - devBBoxColorProperty: ObjectProperty [value: 0xff0000ff]
18:03:50.719 [FXGL Background Thread 3 ] DEBUG Engine               - devEnableDebugCameraProperty: BooleanProperty [value: false]
18:03:50.720 [FXGL Background Thread 3 ] DEBUG Engine               - devSensorColorProperty: ObjectProperty [value: 0xffff00ff]
18:03:50.720 [FXGL Background Thread 3 ] DEBUG Engine               - devShowBBoxProperty: BooleanProperty [value: false]
18:03:50.720 [FXGL Background Thread 3 ] DEBUG Engine               - devShowPositionProperty: BooleanProperty [value: false]
18:03:50.720 [FXGL Background Thread 3 ] DEBUG Engine               - enabledMenuItems: []
18:03:50.721 [FXGL Background Thread 3 ] DEBUG Engine               - engineServices: [class com.almasb.fxgl.app.FXGLApplication$GameApplicationService, class com.almasb.fxgl.app.services.FXGLDialogService, class com.almasb.fxgl.app.services.IOTaskExecutorService, class com.almasb.fxgl.event.EventBusService, class com.almasb.fxgl.io.FileSystemService, class com.almasb.fxgl.localization.LocalizationService, class com.almasb.fxgl.app.services.FXGLAssetLoaderService, class com.almasb.fxgl.app.services.SystemBundleService, class com.almasb.fxgl.profile.SaveLoadService, class com.almasb.fxgl.ui.FXGLUIFactoryServiceProvider, class com.almasb.fxgl.ui.FXGLDialogFactoryServiceProvider, class com.almasb.fxgl.audio.AudioPlayer, class com.almasb.fxgl.notification.impl.NotificationServiceProvider, class com.almasb.fxgl.achievement.AchievementService, class com.almasb.fxgl.cutscene.CutsceneService, class com.almasb.fxgl.minigames.MiniGameService, class com.almasb.fxgl.net.NetService, class com.almasb.fxgl.app.services.UpdaterService, class com.almasb.fxgl.dev.DevService]
18:03:50.721 [FXGL Background Thread 3 ] DEBUG Engine               - fontGame: Abel-Regular.ttf
18:03:50.721 [FXGL Background Thread 3 ] DEBUG Engine               - fontMono: lucida_console.ttf
18:03:50.721 [FXGL Background Thread 3 ] DEBUG Engine               - fontText: Courier-Prime.ttf
18:03:50.721 [FXGL Background Thread 3 ] DEBUG Engine               - fontUI: pong.ttf
18:03:50.721 [FXGL Background Thread 3 ] DEBUG Engine               - fullScreen: BooleanProperty [value: false]
18:03:50.721 [FXGL Background Thread 3 ] DEBUG Engine               - gameDifficulty: MEDIUM
18:03:50.721 [FXGL Background Thread 3 ] DEBUG Engine               - gameDifficultyProperty: ObjectProperty [value: MEDIUM]
18:03:50.721 [FXGL Background Thread 3 ] DEBUG Engine               - globalMusicVolume: 0.5
18:03:50.721 [FXGL Background Thread 3 ] DEBUG Engine               - globalMusicVolumeProperty: DoubleProperty [value: 0.5]
18:03:50.721 [FXGL Background Thread 3 ] DEBUG Engine               - globalSoundVolume: 0.5
18:03:50.721 [FXGL Background Thread 3 ] DEBUG Engine               - globalSoundVolumeProperty: DoubleProperty [value: 0.5]
18:03:50.721 [FXGL Background Thread 3 ] DEBUG Engine               - height: 600
18:03:50.721 [FXGL Background Thread 3 ] DEBUG Engine               - isAndroid: false
18:03:50.721 [FXGL Background Thread 3 ] DEBUG Engine               - isBrowser: false
18:03:50.721 [FXGL Background Thread 3 ] DEBUG Engine               - isClickFeedbackEnabled: false
18:03:50.721 [FXGL Background Thread 3 ] DEBUG Engine               - isCloseConfirmation: false
18:03:50.721 [FXGL Background Thread 3 ] DEBUG Engine               - isDesktop: true
18:03:50.722 [FXGL Background Thread 3 ] DEBUG Engine               - isDeveloperMenuEnabled: false
18:03:50.722 [FXGL Background Thread 3 ] DEBUG Engine               - isEntityPreloadEnabled: true
18:03:50.722 [FXGL Background Thread 3 ] DEBUG Engine               - isExperimentalNative: false
18:03:50.722 [FXGL Background Thread 3 ] DEBUG Engine               - isExperimentalTiledLargeMap: false
18:03:50.722 [FXGL Background Thread 3 ] DEBUG Engine               - isFileSystemWriteAllowed: true
18:03:50.722 [FXGL Background Thread 3 ] DEBUG Engine               - isFullScreenAllowed: false
18:03:50.722 [FXGL Background Thread 3 ] DEBUG Engine               - isFullScreenFromStart: false
18:03:50.722 [FXGL Background Thread 3 ] DEBUG Engine               - isGameMenuEnabled: true
18:03:50.722 [FXGL Background Thread 3 ] DEBUG Engine               - isIOS: false
18:03:50.722 [FXGL Background Thread 3 ] DEBUG Engine               - isIntroEnabled: false
18:03:50.722 [FXGL Background Thread 3 ] DEBUG Engine               - isLinux: false
18:03:50.722 [FXGL Background Thread 3 ] DEBUG Engine               - isMac: false
18:03:50.722 [FXGL Background Thread 3 ] DEBUG Engine               - isMainMenuEnabled: false
18:03:50.722 [FXGL Background Thread 3 ] DEBUG Engine               - isManualResizeEnabled: false
18:03:50.722 [FXGL Background Thread 3 ] DEBUG Engine               - isMobile: false
18:03:50.722 [FXGL Background Thread 3 ] DEBUG Engine               - isPreserveResizeRatio: false
18:03:50.722 [FXGL Background Thread 3 ] DEBUG Engine               - isProfilingEnabled: false
18:03:50.722 [FXGL Background Thread 3 ] DEBUG Engine               - isSingleStep: false
18:03:50.722 [FXGL Background Thread 3 ] DEBUG Engine               - isUserProfileEnabled: false
18:03:50.722 [FXGL Background Thread 3 ] DEBUG Engine               - isWindows: true
18:03:50.722 [FXGL Background Thread 3 ] DEBUG Engine               - language: ObjectProperty [value: ENGLISH]
18:03:50.722 [FXGL Background Thread 3 ] DEBUG Engine               - menuKey: ESCAPE
18:03:50.722 [FXGL Background Thread 3 ] DEBUG Engine               - notificationViewClass: class com.almasb.fxgl.notification.view.XboxNotificationView
18:03:50.722 [FXGL Background Thread 3 ] DEBUG Engine               - pixelsPerMeter: 50.0
18:03:50.722 [FXGL Background Thread 3 ] DEBUG Engine               - platform: WINDOWS
18:03:50.722 [FXGL Background Thread 3 ] DEBUG Engine               - profileDir: profiles/
18:03:50.722 [FXGL Background Thread 3 ] DEBUG Engine               - profileName: StringProperty [value: DEFAULT]
18:03:50.722 [FXGL Background Thread 3 ] DEBUG Engine               - randomSeed: -1
18:03:50.722 [FXGL Background Thread 3 ] DEBUG Engine               - runtimeInfo: RuntimeInfo(platform=WINDOWS, version=11.11, build=08.09.2020 18.00)
18:03:50.722 [FXGL Background Thread 3 ] DEBUG Engine               - saveFileExt: sav
18:03:50.722 [FXGL Background Thread 3 ] DEBUG Engine               - sceneFactory: com.almasb.fxgl.app.scene.SceneFactory@6658cd8
18:03:50.722 [FXGL Background Thread 3 ] DEBUG Engine               - secondsIn24h: 60
18:03:50.722 [FXGL Background Thread 3 ] DEBUG Engine               - soundMenuBack: menu/back.wav
18:03:50.722 [FXGL Background Thread 3 ] DEBUG Engine               - soundMenuPress: menu/press.wav
18:03:50.722 [FXGL Background Thread 3 ] DEBUG Engine               - soundMenuSelect: menu/select.wav
18:03:50.722 [FXGL Background Thread 3 ] DEBUG Engine               - soundNotification: core/notification.wav
18:03:50.722 [FXGL Background Thread 3 ] DEBUG Engine               - stageStyle: DECORATED
18:03:50.722 [FXGL Background Thread 3 ] DEBUG Engine               - supportedLanguages: [ENGLISH, FRENCH, GERMAN, HUNGARIAN, RUSSIAN]
18:03:50.722 [FXGL Background Thread 3 ] DEBUG Engine               - title: Pong
18:03:50.723 [FXGL Background Thread 3 ] DEBUG Engine               - urlGithub: https://github.com/AlmasB/FXGL
18:03:50.723 [FXGL Background Thread 3 ] DEBUG Engine               - urlLeaderboard: http://fxgl-top.herokuapp.com/
18:03:50.723 [FXGL Background Thread 3 ] DEBUG Engine               - urlPOM: https://raw.githubusercontent.com/AlmasB/FXGL/master/pom.xml
18:03:50.723 [FXGL Background Thread 3 ] DEBUG Engine               - version: 1.0
18:03:50.723 [FXGL Background Thread 3 ] DEBUG Engine               - versionCheckDays: 7
18:03:50.723 [FXGL Background Thread 3 ] DEBUG Engine               - width: 800
18:03:50.723 [FXGL Background Thread 3 ] DEBUG Engine               - Logging services
18:03:50.723 [FXGL Background Thread 3 ] DEBUG Engine               - class com.almasb.fxgl.app.FXGLApplication$GameApplicationService
18:03:50.723 [FXGL Background Thread 3 ] DEBUG Engine               - class com.almasb.fxgl.app.services.FXGLDialogService
18:03:50.723 [FXGL Background Thread 3 ] DEBUG Engine               - class com.almasb.fxgl.app.services.IOTaskExecutorService
18:03:50.723 [FXGL Background Thread 3 ] DEBUG Engine               - class com.almasb.fxgl.event.EventBusService
18:03:50.723 [FXGL Background Thread 3 ] DEBUG Engine               - class com.almasb.fxgl.io.FileSystemService
18:03:50.723 [FXGL Background Thread 3 ] DEBUG Engine               - class com.almasb.fxgl.localization.LocalizationService
18:03:50.723 [FXGL Background Thread 3 ] DEBUG Engine               - class com.almasb.fxgl.app.services.FXGLAssetLoaderService
18:03:50.723 [FXGL Background Thread 3 ] DEBUG Engine               - class com.almasb.fxgl.app.services.SystemBundleService
18:03:50.723 [FXGL Background Thread 3 ] DEBUG Engine               - class com.almasb.fxgl.profile.SaveLoadService
18:03:50.723 [FXGL Background Thread 3 ] DEBUG Engine               - class com.almasb.fxgl.ui.FXGLUIFactoryServiceProvider
18:03:50.723 [FXGL Background Thread 3 ] DEBUG Engine               - class com.almasb.fxgl.ui.FXGLDialogFactoryServiceProvider
18:03:50.723 [FXGL Background Thread 3 ] DEBUG Engine               - class com.almasb.fxgl.audio.AudioPlayer
18:03:50.724 [FXGL Background Thread 3 ] DEBUG Engine               - class com.almasb.fxgl.notification.impl.NotificationServiceProvider
18:03:50.724 [FXGL Background Thread 3 ] DEBUG Engine               - class com.almasb.fxgl.achievement.AchievementService
18:03:50.724 [FXGL Background Thread 3 ] DEBUG Engine               - class com.almasb.fxgl.cutscene.CutsceneService
18:03:50.724 [FXGL Background Thread 3 ] DEBUG Engine               - class com.almasb.fxgl.minigames.MiniGameService
18:03:50.724 [FXGL Background Thread 3 ] DEBUG Engine               - class com.almasb.fxgl.net.NetService
18:03:50.724 [FXGL Background Thread 3 ] DEBUG Engine               - class com.almasb.fxgl.app.services.UpdaterService
18:03:50.724 [FXGL Background Thread 3 ] DEBUG Engine               - class com.almasb.fxgl.dev.DevService
18:03:52.445 [Thread-4                 ] DEBUG Endpoint             - TCPServer opening new connection (1) from /127.0.0.1:50835 type: class java.lang.String
18:03:52.446 [Thread-4                 ] DEBUG Endpoint             - TCPServer successfully opened connection (1)
18:03:52.447 [TCPServer_SendThread-1   ] DEBUG Writers              - Getting TCPMessageWriter for class java.lang.String
18:03:52.447 [TCPServer_RecvThread-1   ] DEBUG Readers              - Getting TCPMessageReader for class java.lang.String
18:03:52.448 [TCPServer_SendThread-1   ] DEBUG Writers              - Constructed TCPMessageWriter for class java.lang.String: MessageWriterS
18:03:52.448 [TCPServer_RecvThread-1   ] DEBUG Readers              - Constructed MessageReader for class java.lang.String: MessageReaderS
18:03:54.678 [JavaFX Application Thread] DEBUG Input                - Mocking key press: W
18:03:54.785 [JavaFX Application Thread] DEBUG Input                - Mocking key release: W
18:03:54.928 [JavaFX Application Thread] DEBUG Input                - Mocking key press: S
18:03:55.108 [JavaFX Application Thread] DEBUG Input                - Mocking key release: S
18:03:55.254 [JavaFX Application Thread] DEBUG Input                - Mocking key press: W
18:03:55.487 [JavaFX Application Thread] DEBUG Input                - Mocking key release: W
18:03:55.595 [JavaFX Application Thread] DEBUG Input                - Mocking key press: S
18:03:55.780 [JavaFX Application Thread] DEBUG Input                - Mocking key release: S
18:03:55.923 [JavaFX Application Thread] DEBUG Input                - Mocking key press: W
18:03:56.137 [JavaFX Application Thread] DEBUG Input                - Mocking key release: W
18:03:56.319 [JavaFX Application Thread] DEBUG Input                - Mocking key press: S
18:03:56.571 [JavaFX Application Thread] DEBUG Input                - Mocking key release: S
18:03:56.735 [JavaFX Application Thread] DEBUG Input                - Mocking key press: W
18:03:56.965 [JavaFX Application Thread] DEBUG Input                - Mocking key release: W
18:03:57.110 [JavaFX Application Thread] DEBUG Input                - Mocking key press: S
18:03:57.342 [JavaFX Application Thread] DEBUG Input                - Mocking key release: S
18:03:57.503 [JavaFX Application Thread] DEBUG Input                - Mocking key press: W
18:03:57.664 [JavaFX Application Thread] DEBUG Input                - Mocking key release: W
18:03:57.862 [JavaFX Application Thread] DEBUG Input                - Mocking key press: W
18:03:57.970 [JavaFX Application Thread] DEBUG Input                - Mocking key release: W
18:03:58.043 [JavaFX Application Thread] DEBUG Input                - Mocking key press: W
18:03:58.132 [JavaFX Application Thread] DEBUG Input                - Mocking key release: W
18:03:58.205 [JavaFX Application Thread] DEBUG Input                - Mocking key press: W
18:03:58.293 [JavaFX Application Thread] DEBUG Input                - Mocking key release: W
18:03:58.366 [JavaFX Application Thread] DEBUG Input                - Mocking key press: W
18:03:58.474 [JavaFX Application Thread] DEBUG Input                - Mocking key release: W
18:03:58.579 [JavaFX Application Thread] DEBUG Input                - Mocking key press: S
18:03:59.072 [JavaFX Application Thread] DEBUG Input                - Mocking key release: S
18:03:59.107 [JavaFX Application Thread] DEBUG Input                - Mocking key press: S
18:03:59.252 [JavaFX Application Thread] DEBUG Input                - Mocking key release: S
18:03:59.289 [JavaFX Application Thread] DEBUG Input                - Mocking key press: S
18:03:59.395 [JavaFX Application Thread] DEBUG Input                - Mocking key release: S
18:03:59.482 [JavaFX Application Thread] DEBUG Input                - Mocking key press: S
18:03:59.571 [JavaFX Application Thread] DEBUG Input                - Mocking key release: S
18:03:59.644 [JavaFX Application Thread] DEBUG Input                - Mocking key press: S
18:03:59.733 [JavaFX Application Thread] DEBUG Input                - Mocking key release: S
18:03:59.806 [JavaFX Application Thread] DEBUG Input                - Mocking key press: S
18:03:59.896 [JavaFX Application Thread] DEBUG Input                - Mocking key release: S
18:03:59.986 [JavaFX Application Thread] DEBUG Input                - Mocking key press: S
18:04:00.058 [JavaFX Application Thread] DEBUG Input                - Mocking key release: S
18:04:00.128 [JavaFX Application Thread] DEBUG Input                - Mocking key press: S
18:04:00.217 [JavaFX Application Thread] DEBUG Input                - Mocking key release: S
18:04:00.290 [JavaFX Application Thread] DEBUG Input                - Mocking key press: S
18:04:00.378 [JavaFX Application Thread] DEBUG Input                - Mocking key release: S
18:04:00.468 [JavaFX Application Thread] DEBUG Input                - Mocking key press: S
18:04:00.540 [JavaFX Application Thread] DEBUG Input                - Mocking key release: S
18:04:00.617 [JavaFX Application Thread] DEBUG Input                - Mocking key press: S
18:04:00.706 [JavaFX Application Thread] DEBUG Input                - Mocking key release: S
18:04:00.794 [JavaFX Application Thread] DEBUG Input                - Mocking key press: S
18:04:00.868 [JavaFX Application Thread] DEBUG Input                - Mocking key release: S
18:04:00.940 [JavaFX Application Thread] DEBUG Input                - Mocking key press: S
18:04:01.029 [JavaFX Application Thread] DEBUG Input                - Mocking key release: S
18:04:01.101 [JavaFX Application Thread] DEBUG Input                - Mocking key press: S
18:04:01.192 [JavaFX Application Thread] DEBUG Input                - Mocking key release: S
18:04:01.262 [JavaFX Application Thread] DEBUG Input                - Mocking key press: S
18:04:01.350 [JavaFX Application Thread] DEBUG Input                - Mocking key release: S
18:04:01.425 [JavaFX Application Thread] DEBUG Input                - Mocking key press: S
18:04:01.499 [JavaFX Application Thread] DEBUG Input                - Mocking key release: S
18:04:01.592 [JavaFX Application Thread] DEBUG Input                - Mocking key press: S
18:04:01.716 [JavaFX Application Thread] DEBUG Input                - Mocking key release: S
18:04:01.736 [JavaFX Application Thread] DEBUG Input                - Mocking key press: S
18:04:01.827 [JavaFX Application Thread] DEBUG Input                - Mocking key release: S
18:04:01.898 [JavaFX Application Thread] DEBUG Input                - Mocking key press: S
18:04:02.005 [JavaFX Application Thread] DEBUG Input                - Mocking key release: S
18:04:02.060 [JavaFX Application Thread] DEBUG Input                - Mocking key press: S
18:04:02.150 [JavaFX Application Thread] DEBUG Input                - Mocking key release: S
18:04:02.204 [JavaFX Application Thread] DEBUG Input                - Mocking key press: S
18:04:02.293 [JavaFX Application Thread] DEBUG Input                - Mocking key release: S
18:04:02.365 [JavaFX Application Thread] DEBUG Input                - Mocking key press: S
18:04:02.438 [JavaFX Application Thread] DEBUG Input                - Mocking key release: S
18:04:02.528 [JavaFX Application Thread] DEBUG Input                - Mocking key press: S
18:04:02.619 [JavaFX Application Thread] DEBUG Input                - Mocking key release: S
18:04:02.691 [JavaFX Application Thread] DEBUG Input                - Mocking key press: S
18:04:02.781 [JavaFX Application Thread] DEBUG Input                - Mocking key release: S
18:04:02.856 [JavaFX Application Thread] DEBUG Input                - Mocking key press: S
18:04:02.984 [JavaFX Application Thread] DEBUG Input                - Mocking key release: S
18:04:03.394 [JavaFX Application Thread] DEBUG Input                - Mocking key press: S
18:04:03.520 [JavaFX Application Thread] DEBUG Input                - Mocking key release: S
18:04:03.648 [JavaFX Application Thread] DEBUG Input                - Mocking key press: W
18:04:03.808 [JavaFX Application Thread] DEBUG Input                - Mocking key release: W
18:04:04.603 [JavaFX Application Thread] DEBUG Input                - Mocking key press: W
18:04:04.640 [JavaFX Application Thread] DEBUG Input                - Mocking key press: S
18:04:04.658 [JavaFX Application Thread] DEBUG Input                - Mocking key release: W
18:04:04.809 [JavaFX Application Thread] DEBUG Input                - Mocking key press: W
18:04:04.826 [JavaFX Application Thread] DEBUG Input                - Mocking key release: S
18:04:04.933 [JavaFX Application Thread] DEBUG Input                - Mocking key release: W
18:04:04.933 [JavaFX Application Thread] DEBUG Input                - Mocking key press: S
18:04:05.057 [JavaFX Application Thread] DEBUG Input                - Mocking key press: W
18:04:05.078 [JavaFX Application Thread] DEBUG Input                - Mocking key release: S
18:04:05.187 [JavaFX Application Thread] DEBUG Input                - Mocking key release: W
18:04:05.187 [JavaFX Application Thread] DEBUG Input                - Mocking key press: S
18:04:05.241 [JavaFX Application Thread] DEBUG Input                - Mocking key press: W
18:04:05.278 [JavaFX Application Thread] DEBUG Input                - Mocking key release: S
18:04:05.349 [JavaFX Application Thread] DEBUG Input                - Mocking key release: W
18:04:05.349 [JavaFX Application Thread] DEBUG Input                - Mocking key press: S
18:04:05.421 [JavaFX Application Thread] DEBUG Input                - Mocking key press: W
18:04:05.441 [JavaFX Application Thread] DEBUG Input                - Mocking key release: S
18:04:05.513 [JavaFX Application Thread] DEBUG Input                - Mocking key release: W
18:04:05.531 [JavaFX Application Thread] DEBUG Input                - Mocking key press: S
18:04:05.622 [JavaFX Application Thread] DEBUG Input                - Mocking key release: S
18:04:05.622 [JavaFX Application Thread] DEBUG Input                - Mocking key press: W
18:04:05.763 [JavaFX Application Thread] DEBUG Input                - Mocking key release: W
18:04:05.781 [JavaFX Application Thread] DEBUG Input                - Mocking key press: S
18:04:05.924 [JavaFX Application Thread] DEBUG Input                - Mocking key release: S
18:04:06.087 [JavaFX Application Thread] DEBUG Input                - Mocking key press: W
18:04:06.247 [JavaFX Application Thread] DEBUG Input                - Mocking key release: W
18:04:06.320 [JavaFX Application Thread] DEBUG Input                - Mocking key press: S
18:04:06.480 [JavaFX Application Thread] DEBUG Input                - Mocking key release: S
18:04:06.552 [JavaFX Application Thread] DEBUG Input                - Mocking key press: W
18:04:06.693 [JavaFX Application Thread] DEBUG Input                - Mocking key release: W
18:04:06.766 [JavaFX Application Thread] DEBUG Input                - Mocking key press: S
18:04:06.941 [JavaFX Application Thread] DEBUG Input                - Mocking key release: S
18:04:06.961 [JavaFX Application Thread] DEBUG Input                - Mocking key press: W
18:04:07.123 [JavaFX Application Thread] DEBUG Input                - Mocking key release: W
18:04:07.141 [JavaFX Application Thread] DEBUG Input                - Mocking key press: S
18:04:07.321 [JavaFX Application Thread] DEBUG Input                - Mocking key release: S
18:04:07.357 [JavaFX Application Thread] DEBUG Input                - Mocking key press: W
18:04:07.535 [JavaFX Application Thread] DEBUG Input                - Mocking key release: W
18:04:07.535 [JavaFX Application Thread] DEBUG Input                - Mocking key press: S
18:04:07.812 [JavaFX Application Thread] DEBUG Input                - Mocking key release: S
18:04:07.812 [JavaFX Application Thread] DEBUG Input                - Mocking key press: W
18:04:08.011 [JavaFX Application Thread] DEBUG Input                - Mocking key release: W
18:04:08.044 [JavaFX Application Thread] DEBUG Input                - Mocking key press: S
18:04:08.223 [JavaFX Application Thread] DEBUG Input                - Mocking key release: S
18:04:08.241 [JavaFX Application Thread] DEBUG Input                - Mocking key press: W
18:04:08.384 [JavaFX Application Thread] DEBUG Input                - Mocking key release: W
18:04:08.421 [JavaFX Application Thread] DEBUG Input                - Mocking key press: S
18:04:08.547 [JavaFX Application Thread] DEBUG Input                - Mocking key press: W
18:04:08.547 [JavaFX Application Thread] DEBUG Input                - Mocking key release: S
18:04:08.688 [JavaFX Application Thread] DEBUG Input                - Mocking key release: W
18:04:08.706 [JavaFX Application Thread] DEBUG Input                - Mocking key press: S
18:04:08.813 [JavaFX Application Thread] DEBUG Input                - Mocking key press: W
18:04:08.813 [JavaFX Application Thread] DEBUG Input                - Mocking key release: S
18:04:08.939 [JavaFX Application Thread] DEBUG Input                - Mocking key release: W
18:04:08.958 [JavaFX Application Thread] DEBUG Input                - Mocking key press: S
18:04:09.029 [JavaFX Application Thread] DEBUG Input                - Mocking key press: W
18:04:09.064 [JavaFX Application Thread] DEBUG Input                - Mocking key release: S
18:04:09.156 [JavaFX Application Thread] DEBUG Input                - Mocking key release: W
18:04:09.173 [JavaFX Application Thread] DEBUG Input                - Mocking key press: S
18:04:09.281 [JavaFX Application Thread] DEBUG Input                - Mocking key release: S
18:05:49.184 [JavaFX Application Thread] DEBUG LoopRunner           - Pausing loop
18:05:49.512 [JavaFX Application Thread] DEBUG LoopRunner           - Resuming loop
18:05:50.305 [JavaFX Application Thread] DEBUG FXGLApplication      - Exiting FXGL
18:05:50.305 [JavaFX Application Thread] DEBUG LoopRunner           - Stopping loop
18:05:50.305 [JavaFX Application Thread] DEBUG SystemBundleService  - Saving FXGL system data
18:05:50.306 [JavaFX Application Thread] DEBUG FileSystemAccess     - Writing to: C:\Users\danie\Downloads\SDLMultiplayerProject-main\CI628-PongServer-master\system\fxgl.bundle
18:05:50.307 [JavaFX Application Thread] DEBUG Async                - Shutting down background threads
18:05:50.307 [JavaFX Application Thread] DEBUG MainWindow           - Closing main window
18:05:50.321 [JavaFX Application Thread] DEBUG Logger               - Closing Logger
